"../../../Engine/Content/EditorResources/S_Actor.ubulk" 0
"../../../Engine/Content/EditorResources/S_Actor.uasset" 1
"../../../Engine/Content/EditorResources/S_Actor.uexp" 2
"../../../Engine/Content/EditorResources/S_BoxReflectionCapture.uasset" 3
"../../../Engine/Content/EditorResources/S_BoxReflectionCapture.uexp" 4
"../../../Engine/Content/EngineResources/DefaultTexture.ubulk" 5
"../../../Engine/Content/EngineResources/DefaultTexture.uasset" 6
"../../../Engine/Content/EngineResources/DefaultTexture.uexp" 7
"../../../Engine/Content/EngineResources/DefaultTextureCube.uasset" 8
"../../../Engine/Content/EngineResources/DefaultTextureCube.uexp" 9
"../../../Engine/Content/EngineResources/DefaultVolumeTexture2D.uasset" 10
"../../../Engine/Content/EngineResources/DefaultVolumeTexture2D.uexp" 11
"../../../Engine/Content/EngineResources/DefaultVolumeTexture.uasset" 12
"../../../Engine/Content/EngineResources/DefaultVolumeTexture.uexp" 13
"../../../Engine/Content/EditorResources/S_Trigger.ubulk" 14
"../../../Engine/Content/EditorResources/S_Trigger.uasset" 15
"../../../Engine/Content/EditorResources/S_Trigger.uexp" 16
"../../../Engine/Content/EditorResources/S_TriggerBox.uasset" 17
"../../../Engine/Content/EditorResources/S_TriggerBox.uexp" 18
"../../../Engine/Content/EditorResources/S_TriggerCapsule.uasset" 19
"../../../Engine/Content/EditorResources/S_TriggerCapsule.uexp" 20
"../../../Engine/Content/EditorResources/S_TriggerSphere.uasset" 21
"../../../Engine/Content/EditorResources/S_TriggerSphere.uexp" 22
"../../../Engine/Content/EngineMeshes/Sphere.ubulk" 23
"../../../Engine/Content/EngineMeshes/Sphere.uasset" 24
"../../../Engine/Content/EngineMeshes/Sphere.uexp" 25
"../../../Engine/Content/EngineResources/GradientTexture0.uasset" 26
"../../../Engine/Content/EngineResources/GradientTexture0.uexp" 27
"../../../Engine/Content/EngineResources/Black.uasset" 28
"../../../Engine/Content/EngineResources/Black.uexp" 29
"../../../Engine/Content/VREditor/LaserPointer/VR_LaserPower_01.ubulk" 30
"../../../Engine/Content/VREditor/LaserPointer/VR_LaserPower_01.uasset" 31
"../../../Engine/Content/VREditor/LaserPointer/VR_LaserPower_01.uexp" 32
"../../../Engine/Content/VREditor/TransformGizmo/TransformGizmoMaterial.uasset" 33
"../../../Engine/Content/VREditor/TransformGizmo/TransformGizmoMaterial.uexp" 34
"../../../Engine/Content/VREditor/TransformGizmo/TranslucentTransformGizmoMaterial.uasset" 35
"../../../Engine/Content/VREditor/TransformGizmo/TranslucentTransformGizmoMaterial.uexp" 36
"../../../Engine/Content/VREditor/TransformGizmo/PlaneTranslationHandle.ubulk" 37
"../../../Engine/Content/VREditor/TransformGizmo/PlaneTranslationHandle.uasset" 38
"../../../Engine/Content/VREditor/TransformGizmo/PlaneTranslationHandle.uexp" 39
"../../../Engine/Content/VREditor/TransformGizmo/BoundingBoxCorner.ubulk" 40
"../../../Engine/Content/VREditor/TransformGizmo/BoundingBoxCorner.uasset" 41
"../../../Engine/Content/VREditor/TransformGizmo/BoundingBoxCorner.uexp" 42
"../../../Engine/Content/VREditor/TransformGizmo/BoundingBoxEdge.ubulk" 43
"../../../Engine/Content/VREditor/TransformGizmo/BoundingBoxEdge.uasset" 44
"../../../Engine/Content/VREditor/TransformGizmo/BoundingBoxEdge.uexp" 45
"../../../Engine/Content/VREditor/TransformGizmo/Main.uasset" 46
"../../../Engine/Content/VREditor/TransformGizmo/Main.uexp" 47
"../../../Engine/Content/VREditor/TransformGizmo/Xray.uasset" 48
"../../../Engine/Content/VREditor/TransformGizmo/Xray.uexp" 49
"../../../Engine/Content/VREditor/TransformGizmo/SM_Sequencer_Node.ubulk" 50
"../../../Engine/Content/VREditor/TransformGizmo/SM_Sequencer_Node.uasset" 51
"../../../Engine/Content/VREditor/TransformGizmo/SM_Sequencer_Node.uexp" 52
"../../../Engine/Content/EditorMaterials/Camera/CineMat.uasset" 53
"../../../Engine/Content/EditorMaterials/Camera/CineMat.uexp" 54
"../../../Engine/Content/EditorMaterials/Camera/MI_CineMat_Rig.uasset" 55
"../../../Engine/Content/EditorMaterials/Camera/MI_CineMat_Rig.uexp" 56
"../../../Engine/Content/EditorMeshes/Camera/SM_CraneRig_Base.ubulk" 57
"../../../Engine/Content/EditorMeshes/Camera/SM_CraneRig_Base.uasset" 58
"../../../Engine/Content/EditorMeshes/Camera/SM_CraneRig_Base.uexp" 59
"../../../Engine/Content/EditorMeshes/Camera/SM_CraneRig_Arm.ubulk" 60
"../../../Engine/Content/EditorMeshes/Camera/SM_CraneRig_Arm.uasset" 61
"../../../Engine/Content/EditorMeshes/Camera/SM_CraneRig_Arm.uexp" 62
"../../../Engine/Content/EditorMeshes/Camera/SM_CraneRig_Mount.ubulk" 63
"../../../Engine/Content/EditorMeshes/Camera/SM_CraneRig_Mount.uasset" 64
"../../../Engine/Content/EditorMeshes/Camera/SM_CraneRig_Mount.uexp" 65
"../../../Engine/Content/EditorMeshes/Camera/SM_CraneRig_Body.ubulk" 66
"../../../Engine/Content/EditorMeshes/Camera/SM_CraneRig_Body.uasset" 67
"../../../Engine/Content/EditorMeshes/Camera/SM_CraneRig_Body.uexp" 68
"../../../Engine/Content/EditorMeshes/Camera/SM_RailRig_Track.ubulk" 69
"../../../Engine/Content/EditorMeshes/Camera/SM_RailRig_Track.uasset" 70
"../../../Engine/Content/EditorMeshes/Camera/SM_RailRig_Track.uexp" 71
"../../../Engine/Content/EditorMeshes/Camera/SM_RailRig_Mount.ubulk" 72
"../../../Engine/Content/EditorMeshes/Camera/SM_RailRig_Mount.uasset" 73
"../../../Engine/Content/EditorMeshes/Camera/SM_RailRig_Mount.uexp" 74
"../../../Engine/Content/EngineMaterials/T_Default_Material_Grid_M.ubulk" 75
"../../../Engine/Content/EngineMaterials/T_Default_Material_Grid_M.uasset" 76
"../../../Engine/Content/EngineMaterials/T_Default_Material_Grid_M.uexp" 77
"../../../Engine/Content/EngineMaterials/T_Default_Material_Grid_N.ubulk" 78
"../../../Engine/Content/EngineMaterials/T_Default_Material_Grid_N.uasset" 79
"../../../Engine/Content/EngineMaterials/T_Default_Material_Grid_N.uexp" 80
"../../../Engine/Content/Functions/Engine_MaterialFunctions01/Opacity/CameraDepthFade.uasset" 81
"../../../Engine/Content/Functions/Engine_MaterialFunctions01/Opacity/CameraDepthFade.uexp" 82
"../../../Engine/Content/EngineMaterials/WorldGridMaterial.uasset" 83
"../../../Engine/Content/EngineMaterials/WorldGridMaterial.uexp" 84
"../../../Engine/Content/ArtTools/RenderToTexture/Meshes/S_1_Unit_Plane.ubulk" 85
"../../../Engine/Content/ArtTools/RenderToTexture/Meshes/S_1_Unit_Plane.uasset" 86
"../../../Engine/Content/ArtTools/RenderToTexture/Meshes/S_1_Unit_Plane.uexp" 87
"../../../Engine/Content/EditorMaterials/ParticleSystems/PSysThumbnail_NoImage.ubulk" 88
"../../../Engine/Content/EditorMaterials/ParticleSystems/PSysThumbnail_NoImage.uasset" 89
"../../../Engine/Content/EditorMaterials/ParticleSystems/PSysThumbnail_NoImage.uexp" 90
"../../../Engine/Content/EditorMaterials/ParticleSystems/PSysThumbnail_OOD.ubulk" 91
"../../../Engine/Content/EditorMaterials/ParticleSystems/PSysThumbnail_OOD.uasset" 92
"../../../Engine/Content/EditorMaterials/ParticleSystems/PSysThumbnail_OOD.uexp" 93
"../../../Engine/Content/EditorLandscapeResources/SplineEditorMeshMat.uasset" 94
"../../../Engine/Content/EditorLandscapeResources/SplineEditorMeshMat.uexp" 95
"../../../Engine/Content/EditorLandscapeResources/SplineEditorMesh.ubulk" 96
"../../../Engine/Content/EditorLandscapeResources/SplineEditorMesh.uasset" 97
"../../../Engine/Content/EditorLandscapeResources/SplineEditorMesh.uexp" 98
"../../../Engine/Content/EditorResources/S_Solver.ubulk" 99
"../../../Engine/Content/EditorResources/S_Solver.uasset" 100
"../../../Engine/Content/EditorResources/S_Solver.uexp" 101
"../../../Engine/Plugins/Media/MediaPlate/Content/SM_MediaPlateScreen.ubulk" 102
"../../../Engine/Plugins/Media/MediaPlate/Content/SM_MediaPlateScreen.uasset" 103
"../../../Engine/Plugins/Media/MediaPlate/Content/SM_MediaPlateScreen.uexp" 104
"../../../Engine/Content/EngineMaterials/Good64x64TilingNoiseHighFreq.uasset" 105
"../../../Engine/Content/EngineMaterials/Good64x64TilingNoiseHighFreq.uexp" 106
"../../../Engine/Content/EngineMaterials/DefaultBokeh.uasset" 107
"../../../Engine/Content/EngineMaterials/DefaultBokeh.uexp" 108
"../../../Engine/Content/EngineMaterials/PreintegratedSkinBRDF.uasset" 109
"../../../Engine/Content/EngineMaterials/PreintegratedSkinBRDF.uexp" 110
"../../../Engine/Content/EngineMaterials/MiniFont.uasset" 111
"../../../Engine/Content/EngineMaterials/MiniFont.uexp" 112
"../../../Engine/Content/EngineMaterials/WeightMapPlaceholderTexture.uasset" 113
"../../../Engine/Content/EngineMaterials/WeightMapPlaceholderTexture.uexp" 114
"../../../Engine/Content/EngineMaterials/DefaultWhiteGrid.ubulk" 115
"../../../Engine/Content/EngineMaterials/DefaultWhiteGrid.uasset" 116
"../../../Engine/Content/EngineMaterials/DefaultWhiteGrid.uexp" 117
"../../../Engine/Content/Animation/DefaultRecorderBoneCompression.uasset" 118
"../../../Engine/Content/Animation/DefaultRecorderBoneCompression.uexp" 119
"../../../Engine/Content/Animation/DefaultAnimCurveCompressionSettings.uasset" 120
"../../../Engine/Content/Animation/DefaultAnimCurveCompressionSettings.uexp" 121
"../../../Engine/Content/Animation/DefaultAnimBoneCompressionSettings.uasset" 122
"../../../Engine/Content/Animation/DefaultAnimBoneCompressionSettings.uexp" 123
"../../../Engine/Content/EngineMaterials/DefaultMaterial.uasset" 124
"../../../Engine/Content/EngineMaterials/DefaultMaterial.uexp" 125
"../../../Engine/Content/BasicShapes/Sphere.ubulk" 126
"../../../Engine/Content/BasicShapes/Sphere.uasset" 127
"../../../Engine/Content/BasicShapes/Sphere.uexp" 128
"../../../Engine/Content/BasicShapes/Plane.ubulk" 129
"../../../Engine/Content/BasicShapes/Plane.uasset" 130
"../../../Engine/Content/BasicShapes/Plane.uexp" 131
"../../../Engine/Content/BasicShapes/Cylinder.ubulk" 132
"../../../Engine/Content/BasicShapes/Cylinder.uasset" 133
"../../../Engine/Content/BasicShapes/Cylinder.uexp" 134
"../../../Engine/Content/BasicShapes/Cone.ubulk" 135
"../../../Engine/Content/BasicShapes/Cone.uasset" 136
"../../../Engine/Content/BasicShapes/Cone.uexp" 137
"../../../Engine/Content/EditorLandscapeResources/DefaultAlphaTexture.uasset" 138
"../../../Engine/Content/EditorLandscapeResources/DefaultAlphaTexture.uexp" 139
"../../../Engine/Content/EditorLandscapeResources/DataLayer.uasset" 140
"../../../Engine/Content/EditorLandscapeResources/DataLayer.uexp" 141
"../../../Engine/Content/EditorMaterials/PreviewShadowIndicator.ubulk" 142
"../../../Engine/Content/EditorMaterials/PreviewShadowIndicator.uasset" 143
"../../../Engine/Content/EditorMaterials/PreviewShadowIndicator.uexp" 144
"../../../Engine/Content/EditorMaterials/PreviewShadowIndicatorMaterial.uasset" 145
"../../../Engine/Content/EditorMaterials/PreviewShadowIndicatorMaterial.uexp" 146
"../../../Engine/Content/EditorMaterials/PhAT_UnselectedMaterial.uasset" 147
"../../../Engine/Content/EditorMaterials/PhAT_UnselectedMaterial.uexp" 148
"../../../Engine/Content/EditorMaterials/PhAT_NoCollisionMaterial.uasset" 149
"../../../Engine/Content/EditorMaterials/PhAT_NoCollisionMaterial.uexp" 150
"../../../Engine/Content/Functions/Engine_MaterialFunctions02/Utility/MakeFloat4.uasset" 151
"../../../Engine/Content/Functions/Engine_MaterialFunctions02/Utility/MakeFloat4.uexp" 152
"../../../Engine/Content/Functions/Engine_MaterialFunctions02/Utility/MakeFloat3.uasset" 153
"../../../Engine/Content/Functions/Engine_MaterialFunctions02/Utility/MakeFloat3.uexp" 154
"../../../Engine/Content/Functions/Engine_MaterialFunctions02/Utility/BreakOutFloat3Components.uasset" 155
"../../../Engine/Content/Functions/Engine_MaterialFunctions02/Utility/BreakOutFloat3Components.uexp" 156
"../../../Engine/Content/EditorMaterials/WorldPartition/WorldPartitionSpatialHashGridPreviewMaterial.uasset" 157
"../../../Engine/Content/EditorMaterials/WorldPartition/WorldPartitionSpatialHashGridPreviewMaterial.uexp" 158
"../../../Engine/Plugins/Runtime/MeshModelingToolset/Content/Materials/M_DynamicMeshComponentVtxColor.uasset" 159
"../../../Engine/Plugins/Runtime/MeshModelingToolset/Content/Materials/M_DynamicMeshComponentVtxColor.uexp" 160
"../../../Engine/Content/EditorResources/S_Terrain.ubulk" 161
"../../../Engine/Content/EditorResources/S_Terrain.uasset" 162
"../../../Engine/Content/EditorResources/S_Terrain.uexp" 163
"../../../Engine/Content/EditorResources/EmptyActor.uasset" 164
"../../../Engine/Content/EditorResources/EmptyActor.uexp" 165
"../../../Engine/Content/EditorResources/BSPVertex.uasset" 166
"../../../Engine/Content/EditorResources/BSPVertex.uexp" 167
"../../../Engine/Content/EditorResources/SequenceRecorder/RecordingIndicator.uasset" 168
"../../../Engine/Content/EditorResources/SequenceRecorder/RecordingIndicator.uexp" 169
"../../../Engine/Content/EditorResources/SequenceRecorder/Countdown.uasset" 170
"../../../Engine/Content/EditorResources/SequenceRecorder/Countdown.uexp" 171
"../../../Engine/Content/EngineDamageTypes/DmgTypeBP_Environmental.uasset" 172
"../../../Engine/Content/EngineDamageTypes/DmgTypeBP_Environmental.uexp" 173
"../../../Engine/Content/Functions/Engine_MaterialFunctions02/Utility/CameraDirectionVector.uasset" 174
"../../../Engine/Content/Functions/Engine_MaterialFunctions02/Utility/CameraDirectionVector.uexp" 175
"../../../Engine/Content/EngineDebugMaterials/VolumeToRender.uasset" 176
"../../../Engine/Content/EngineDebugMaterials/VolumeToRender.uexp" 177
"../../../Engine/Content/EngineDebugMaterials/M_VolumeRenderSphereTracePP.uasset" 178
"../../../Engine/Content/EngineDebugMaterials/M_VolumeRenderSphereTracePP.uexp" 179
"../../../Engine/Content/EngineDebugMaterials/M_SimpleUnlitTranslucent.uasset" 180
"../../../Engine/Content/EngineDebugMaterials/M_SimpleUnlitTranslucent.uexp" 181
"../../../Engine/Content/EngineDebugMaterials/DebugMeshMaterial.uasset" 182
"../../../Engine/Content/EngineDebugMaterials/DebugMeshMaterial.uexp" 183
"../../../Engine/Content/EngineDebugMaterials/DebugEditorMaterial.uasset" 184
"../../../Engine/Content/EngineDebugMaterials/DebugEditorMaterial.uexp" 185
"../../../Engine/Content/EngineFonts/Faces/RobotoLight.uexp" 186
"../../../Engine/Content/EngineFonts/Faces/RobotoLight.uasset" 187
"../../../Engine/Content/EngineFonts/Faces/RobotoLight.ufont" 188
"../../../Engine/Content/EngineFonts/Faces/RobotoBold.uexp" 189
"../../../Engine/Content/EngineFonts/Faces/RobotoBold.uasset" 190
"../../../Engine/Content/EngineFonts/Faces/RobotoBold.ufont" 191
"../../../Engine/Content/EngineFonts/Faces/RobotoRegular.uexp" 192
"../../../Engine/Content/EngineFonts/Faces/RobotoRegular.uasset" 193
"../../../Engine/Content/EngineFonts/Faces/RobotoRegular.ufont" 194
"../../../Engine/Content/EngineFonts/Faces/DroidSansFallback.uexp" 195
"../../../Engine/Content/EngineFonts/Faces/DroidSansFallback.uasset" 196
"../../../Engine/Content/EngineFonts/Faces/DroidSansFallback.ufont" 197
"../../../Engine/Content/EngineFonts/Faces/RobotoItalic.uexp" 198
"../../../Engine/Content/EngineFonts/Faces/RobotoItalic.uasset" 199
"../../../Engine/Content/EngineFonts/Faces/RobotoItalic.ufont" 200
"../../../Engine/Content/EngineFonts/Faces/RobotoBoldItalic.uexp" 201
"../../../Engine/Content/EngineFonts/Faces/RobotoBoldItalic.uasset" 202
"../../../Engine/Content/EngineFonts/Faces/RobotoBoldItalic.ufont" 203
"../../../Engine/Content/EngineFonts/Roboto.uasset" 204
"../../../Engine/Content/EngineFonts/Roboto.uexp" 205
"../../../Engine/Content/EngineResources/WhiteSquareTexture.uasset" 206
"../../../Engine/Content/EngineResources/WhiteSquareTexture.uexp" 207
"../../../Engine/Content/EngineMaterials/Widget3DPassThrough.uasset" 208
"../../../Engine/Content/EngineMaterials/Widget3DPassThrough.uexp" 209
"../../../Engine/Content/EngineMaterials/Widget3DPassThrough_Translucent.uasset" 210
"../../../Engine/Content/EngineMaterials/Widget3DPassThrough_Translucent.uexp" 211
"../../../Engine/Content/EngineMaterials/Widget3DPassThrough_Translucent_OneSided.uasset" 212
"../../../Engine/Content/EngineMaterials/Widget3DPassThrough_Translucent_OneSided.uexp" 213
"../../../Engine/Content/EngineMaterials/Widget3DPassThrough_Opaque.uasset" 214
"../../../Engine/Content/EngineMaterials/Widget3DPassThrough_Opaque.uexp" 215
"../../../Engine/Content/EngineMaterials/Widget3DPassThrough_Opaque_OneSided.uasset" 216
"../../../Engine/Content/EngineMaterials/Widget3DPassThrough_Opaque_OneSided.uexp" 217
"../../../Engine/Content/EngineMaterials/Widget3DPassThrough_Masked_OneSided.uasset" 218
"../../../Engine/Content/EngineMaterials/Widget3DPassThrough_Masked_OneSided.uexp" 219
"../../../Engine/Content/EngineMaterials/Widget3DPassThrough_Masked.uasset" 220
"../../../Engine/Content/EngineMaterials/Widget3DPassThrough_Masked.uexp" 221
"../../../Engine/Plugins/Interchange/Runtime/Content/Pipelines/DefaultMaterialPipeline.uasset" 222
"../../../Engine/Plugins/Interchange/Runtime/Content/Pipelines/DefaultMaterialPipeline.uexp" 223
"../../../Engine/Content/EngineMaterials/STBlueNoise_vec2_128x128x64.uasset" 224
"../../../Engine/Content/EngineMaterials/STBlueNoise_vec2_128x128x64.uexp" 225
"../../../Engine/Content/EngineMaterials/STBlueNoise_scalar_128x128x64.uasset" 226
"../../../Engine/Content/EngineMaterials/STBlueNoise_scalar_128x128x64.uexp" 227
"../../../Engine/Content/EngineMaterials/RemoveSurfaceMaterial.uasset" 228
"../../../Engine/Content/EngineMaterials/RemoveSurfaceMaterial.uexp" 229
"../../../Engine/Plugins/Interchange/Runtime/Content/Pipelines/DefaultAssetsPipeline.uasset" 230
"../../../Engine/Plugins/Interchange/Runtime/Content/Pipelines/DefaultAssetsPipeline.uexp" 231
"../../../Engine/Content/EngineMaterials/DefaultCalibrationGrayscale.uasset" 232
"../../../Engine/Content/EngineMaterials/DefaultCalibrationGrayscale.uexp" 233
"../../../Engine/Content/EngineMaterials/PPM_DefaultCalibrationGrayscale.uasset" 234
"../../../Engine/Content/EngineMaterials/PPM_DefaultCalibrationGrayscale.uexp" 235
"../../../Engine/Content/EngineMaterials/DefaultCalibrationColor.uasset" 236
"../../../Engine/Content/EngineMaterials/DefaultCalibrationColor.uexp" 237
"../../../Engine/Content/EngineMaterials/PPM_DefaultCalibrationColor.uasset" 238
"../../../Engine/Content/EngineMaterials/PPM_DefaultCalibrationColor.uexp" 239
"../../../Engine/Content/Functions/Engine_MaterialFunctions02/WorldPositionOffset/CameraOffset.uasset" 240
"../../../Engine/Content/Functions/Engine_MaterialFunctions02/WorldPositionOffset/CameraOffset.uexp" 241
"../../../Engine/Content/EngineMaterials/PhAT_JointLimitMaterial.uasset" 242
"../../../Engine/Content/EngineMaterials/PhAT_JointLimitMaterial.uexp" 243
"../../../Engine/Content/EngineMaterials/InvalidLightmapSettings.ubulk" 244
"../../../Engine/Content/EngineMaterials/InvalidLightmapSettings.uasset" 245
"../../../Engine/Content/EngineMaterials/InvalidLightmapSettings.uexp" 246
"../../../Engine/Content/EngineMaterials/M_InvalidLightmapSettings.uasset" 247
"../../../Engine/Content/EngineMaterials/M_InvalidLightmapSettings.uexp" 248
"../../../Engine/Content/EngineMaterials/GizmoMaterial.uasset" 249
"../../../Engine/Content/EngineMaterials/GizmoMaterial.uexp" 250
"../../../Engine/Content/EngineMaterials/BaseFlattenEmissiveMap_VT.uasset" 251
"../../../Engine/Content/EngineMaterials/BaseFlattenEmissiveMap_VT.uexp" 252
"../../../Engine/Content/EngineMaterials/BaseFlattenGrayscaleMap_VT.uasset" 253
"../../../Engine/Content/EngineMaterials/BaseFlattenGrayscaleMap_VT.uexp" 254
"../../../Engine/Content/EngineMaterials/BaseFlattenLinearColor_VT.uasset" 255
"../../../Engine/Content/EngineMaterials/BaseFlattenLinearColor_VT.uexp" 256
"../../../Engine/Content/EngineMaterials/Black_1x1_EXR_Texture_VT.uasset" 257
"../../../Engine/Content/EngineMaterials/Black_1x1_EXR_Texture_VT.uexp" 258
"../../../Engine/Content/EngineMaterials/BaseFlattenDiffuseMap_VT.uasset" 259
"../../../Engine/Content/EngineMaterials/BaseFlattenDiffuseMap_VT.uexp" 260
"../../../Engine/Content/EngineMaterials/BaseFlattenNormalMap_VT.uasset" 261
"../../../Engine/Content/EngineMaterials/BaseFlattenNormalMap_VT.uexp" 262
"../../../Engine/Content/EngineMaterials/FlattenMaterial_WS_Normal_VT.uasset" 263
"../../../Engine/Content/EngineMaterials/FlattenMaterial_WS_Normal_VT.uexp" 264
"../../../Engine/Content/EngineMaterials/FlattenMaterial_VT.uasset" 265
"../../../Engine/Content/EngineMaterials/FlattenMaterial_VT.uexp" 266
"../../../Engine/Content/EngineMaterials/BaseFlattenNormalMap.uasset" 267
"../../../Engine/Content/EngineMaterials/BaseFlattenNormalMap.uexp" 268
"../../../Engine/Content/EngineMaterials/BaseFlattenGrayscaleMap.uasset" 269
"../../../Engine/Content/EngineMaterials/BaseFlattenGrayscaleMap.uexp" 270
"../../../Engine/Content/EngineMaterials/BaseFlattenDiffuseMap.uasset" 271
"../../../Engine/Content/EngineMaterials/BaseFlattenDiffuseMap.uexp" 272
"../../../Engine/Content/Functions/Engine_MaterialFunctions02/PivotPainter2/Black_1x1_EXR_Texture.uasset" 273
"../../../Engine/Content/Functions/Engine_MaterialFunctions02/PivotPainter2/Black_1x1_EXR_Texture.uexp" 274
"../../../Engine/Content/EngineMaterials/BaseFlattenEmissiveMap.uasset" 275
"../../../Engine/Content/EngineMaterials/BaseFlattenEmissiveMap.uexp" 276
"../../../Engine/Content/EngineMaterials/BaseFlattenLinearColor.uasset" 277
"../../../Engine/Content/EngineMaterials/BaseFlattenLinearColor.uexp" 278
"../../../Engine/Content/EngineMaterials/FlattenMaterial.uasset" 279
"../../../Engine/Content/EngineMaterials/FlattenMaterial.uexp" 280
"../../../Engine/Content/EngineMaterials/DefaultWhiteGrid_Low.uasset" 281
"../../../Engine/Content/EngineMaterials/DefaultWhiteGrid_Low.uexp" 282
"../../../Engine/Content/EngineMaterials/EmissiveMeshMaterial.uasset" 283
"../../../Engine/Content/EngineMaterials/EmissiveMeshMaterial.uexp" 284
"../../../Engine/Plugins/Interchange/Runtime/Content/Pipelines/DefaultSceneAssetsPipeline.uasset" 285
"../../../Engine/Plugins/Interchange/Runtime/Content/Pipelines/DefaultSceneAssetsPipeline.uexp" 286
"../../../Engine/Content/EngineFonts/RobotoDistanceField.uasset" 287
"../../../Engine/Content/EngineFonts/RobotoDistanceField.uexp" 288
"../../../Engine/Content/EngineMaterials/DefaultTextMaterialOpaque.uasset" 289
"../../../Engine/Content/EngineMaterials/DefaultTextMaterialOpaque.uexp" 290
"../../../Engine/Content/EngineMaterials/DefaultDiffuse.ubulk" 291
"../../../Engine/Content/EngineMaterials/DefaultDiffuse.uasset" 292
"../../../Engine/Content/EngineMaterials/DefaultDiffuse.uexp" 293
"../../../Engine/Content/Functions/Engine_MaterialFunctions02/Utility/BreakOutFloat2Components.uasset" 294
"../../../Engine/Content/Functions/Engine_MaterialFunctions02/Utility/BreakOutFloat2Components.uexp" 295
"../../../Engine/Content/EngineMaterials/DefaultPostProcessMaterial.uasset" 296
"../../../Engine/Content/EngineMaterials/DefaultPostProcessMaterial.uexp" 297
"../../../Engine/Content/EngineMaterials/DefaultPhysicalMaterial.uasset" 298
"../../../Engine/Content/EngineMaterials/DefaultPhysicalMaterial.uexp" 299
"../../../Engine/Content/EngineMaterials/DefaultLightFunctionMaterial.uasset" 300
"../../../Engine/Content/EngineMaterials/DefaultLightFunctionMaterial.uexp" 301
"../../../Engine/Content/EngineMaterials/DefaultDestructiblePhysicalMaterial.uasset" 302
"../../../Engine/Content/EngineMaterials/DefaultDestructiblePhysicalMaterial.uexp" 303
"../../../Engine/Content/EngineMaterials/DefaultDeferredDecalMaterial.uasset" 304
"../../../Engine/Content/EngineMaterials/DefaultDeferredDecalMaterial.uexp" 305
"../../../Engine/Content/EngineMaterials/DefaultBloomKernel.uasset" 306
"../../../Engine/Content/EngineMaterials/DefaultBloomKernel.uexp" 307
"../../../Engine/Content/EngineResources/FilmGrains/Marcie_Grain_v3_128_M2_000.uasset" 308
"../../../Engine/Content/EngineResources/FilmGrains/Marcie_Grain_v3_128_M2_000.uexp" 309
"../../../Engine/Plugins/Animation/ControlRig/Content/Controls/ControlRig_Arrow4_1mm.ubulk" 310
"../../../Engine/Plugins/Animation/ControlRig/Content/Controls/ControlRig_Arrow4_1mm.uasset" 311
"../../../Engine/Plugins/Animation/ControlRig/Content/Controls/ControlRig_Arrow4_1mm.uexp" 312
"../../../Engine/Plugins/Animation/ControlRig/Content/Controls/ControlRig_Arrow2_3mm.ubulk" 313
"../../../Engine/Plugins/Animation/ControlRig/Content/Controls/ControlRig_Arrow2_3mm.uasset" 314
"../../../Engine/Plugins/Animation/ControlRig/Content/Controls/ControlRig_Arrow2_3mm.uexp" 315
"../../../Engine/Plugins/Animation/ControlRig/Content/Controls/ControlRig_Arrow2_solid.ubulk" 316
"../../../Engine/Plugins/Animation/ControlRig/Content/Controls/ControlRig_Arrow2_solid.uasset" 317
"../../../Engine/Plugins/Animation/ControlRig/Content/Controls/ControlRig_Arrow2_solid.uexp" 318
"../../../Engine/Plugins/Animation/ControlRig/Content/Controls/ControlRig_Arrow2_1mm.ubulk" 319
"../../../Engine/Plugins/Animation/ControlRig/Content/Controls/ControlRig_Arrow2_1mm.uasset" 320
"../../../Engine/Plugins/Animation/ControlRig/Content/Controls/ControlRig_Arrow2_1mm.uexp" 321
"../../../Engine/Content/EngineSky/VolumetricClouds/CloudWeatherTexture.uasset" 322
"../../../Engine/Content/EngineSky/VolumetricClouds/CloudWeatherTexture.uexp" 323
"../../../Engine/Content/Functions/Engine_MaterialFunctions02/Utility/MakeFloat2.uasset" 324
"../../../Engine/Content/Functions/Engine_MaterialFunctions02/Utility/MakeFloat2.uexp" 325
"../../../Engine/Content/EngineSky/VolumetricClouds/CloudGradientTexture.uasset" 326
"../../../Engine/Content/EngineSky/VolumetricClouds/CloudGradientTexture.uexp" 327
"../../../Engine/Content/EngineSky/VolumetricClouds/T_NoiseShape64.ubulk" 328
"../../../Engine/Content/EngineSky/VolumetricClouds/T_NoiseShape64.uasset" 329
"../../../Engine/Content/EngineSky/VolumetricClouds/T_NoiseShape64.uexp" 330
"../../../Engine/Content/EngineSky/VolumetricClouds/T_VolumeNoiseShape64.uasset" 331
"../../../Engine/Content/EngineSky/VolumetricClouds/T_VolumeNoiseShape64.uexp" 332
"../../../Engine/Content/EngineSky/VolumetricClouds/T_NoiseErosion.ubulk" 333
"../../../Engine/Content/EngineSky/VolumetricClouds/T_NoiseErosion.uasset" 334
"../../../Engine/Content/EngineSky/VolumetricClouds/T_NoiseErosion.uexp" 335
"../../../Engine/Content/EngineSky/VolumetricClouds/T_VolumeNoiseErosion32.uasset" 336
"../../../Engine/Content/EngineSky/VolumetricClouds/T_VolumeNoiseErosion32.uexp" 337
"../../../Engine/Content/EngineSky/VolumetricClouds/m_SimpleVolumetricCloud.uasset" 338
"../../../Engine/Content/EngineSky/VolumetricClouds/m_SimpleVolumetricCloud.uexp" 339
"../../../Engine/Content/EngineSky/VolumetricClouds/m_SimpleVolumetricCloud_Inst.uasset" 340
"../../../Engine/Content/EngineSky/VolumetricClouds/m_SimpleVolumetricCloud_Inst.uexp" 341
"../../../Engine/Plugins/Animation/ControlRig/Content/Controls/ControlRigXRayMaterial.uasset" 342
"../../../Engine/Plugins/Animation/ControlRig/Content/Controls/ControlRigXRayMaterial.uexp" 343
"../../../Engine/Plugins/Animation/ControlRig/Content/Controls/ControlRigGizmoMaterial.uasset" 344
"../../../Engine/Plugins/Animation/ControlRig/Content/Controls/ControlRigGizmoMaterial.uexp" 345
"../../../Engine/Content/EngineSounds/Master.uasset" 346
"../../../Engine/Content/EngineSounds/Master.uexp" 347
"../../../Engine/Content/Functions/Engine_MaterialFunctions01/Shading/PowerToRoughness.uasset" 348
"../../../Engine/Content/Functions/Engine_MaterialFunctions01/Shading/PowerToRoughness.uexp" 349
"../../../Engine/Content/MobileResources/HUD/VirtualJoystick_Background.uasset" 350
"../../../Engine/Content/MobileResources/HUD/VirtualJoystick_Background.uexp" 351
"../../../Engine/Content/MobileResources/HUD/VirtualJoystick_Thumb.uasset" 352
"../../../Engine/Content/MobileResources/HUD/VirtualJoystick_Thumb.uexp" 353
"../../../Engine/Content/MobileResources/HUD/DefaultVirtualJoysticks.uasset" 354
"../../../Engine/Content/MobileResources/HUD/DefaultVirtualJoysticks.uexp" 355
"../../../Engine/Plugins/2D/Paper2D/Content/PlaceholderTextures/DummySpriteTexture.ubulk" 356
"../../../Engine/Plugins/2D/Paper2D/Content/PlaceholderTextures/DummySpriteTexture.uasset" 357
"../../../Engine/Plugins/2D/Paper2D/Content/PlaceholderTextures/DummySpriteTexture.uexp" 358
"../../../Engine/Plugins/2D/Paper2D/Content/DefaultSpriteMaterial.uasset" 359
"../../../Engine/Plugins/2D/Paper2D/Content/DefaultSpriteMaterial.uexp" 360
"../../../Engine/Plugins/2D/Paper2D/Content/OpaqueUnlitSpriteMaterial.uasset" 361
"../../../Engine/Plugins/2D/Paper2D/Content/OpaqueUnlitSpriteMaterial.uexp" 362
"../../../Engine/Plugins/2D/Paper2D/Content/MaskedUnlitSpriteMaterial.uasset" 363
"../../../Engine/Plugins/2D/Paper2D/Content/MaskedUnlitSpriteMaterial.uexp" 364
"../../../Engine/Plugins/2D/Paper2D/Content/DummySprite.uasset" 365
"../../../Engine/Plugins/2D/Paper2D/Content/DummySprite.uexp" 366
"../../../Engine/Plugins/2D/Paper2D/Content/DefaultPaperTerrainMaterial.uasset" 367
"../../../Engine/Plugins/2D/Paper2D/Content/DefaultPaperTerrainMaterial.uexp" 368
"../../../Engine/Plugins/Animation/ControlRig/Content/M_Manip.uasset" 369
"../../../Engine/Plugins/Animation/ControlRig/Content/M_Manip.uexp" 370
"../../../Engine/Plugins/Animation/ControlRig/Content/Controls/DefaultGizmoLibraryNormalized.uasset" 371
"../../../Engine/Plugins/Animation/ControlRig/Content/Controls/DefaultGizmoLibraryNormalized.uexp" 372
"../../../Engine/Plugins/Animation/ControlRig/Content/Controls/ControlRig_Wedge_solid.ubulk" 373
"../../../Engine/Plugins/Animation/ControlRig/Content/Controls/ControlRig_Wedge_solid.uasset" 374
"../../../Engine/Plugins/Animation/ControlRig/Content/Controls/ControlRig_Wedge_solid.uexp" 375
"../../../Engine/Plugins/Animation/ControlRig/Content/Controls/ControlRig_Wedge_3mm.ubulk" 376
"../../../Engine/Plugins/Animation/ControlRig/Content/Controls/ControlRig_Wedge_3mm.uasset" 377
"../../../Engine/Plugins/Animation/ControlRig/Content/Controls/ControlRig_Wedge_3mm.uexp" 378
"../../../Engine/Plugins/Animation/ControlRig/Content/Controls/ControlRig_Wedge_1mm.ubulk" 379
"../../../Engine/Plugins/Animation/ControlRig/Content/Controls/ControlRig_Wedge_1mm.uasset" 380
"../../../Engine/Plugins/Animation/ControlRig/Content/Controls/ControlRig_Wedge_1mm.uexp" 381
"../../../Engine/Plugins/Animation/ControlRig/Content/Controls/ControlRig_Triangle_solid.ubulk" 382
"../../../Engine/Plugins/Animation/ControlRig/Content/Controls/ControlRig_Triangle_solid.uasset" 383
"../../../Engine/Plugins/Animation/ControlRig/Content/Controls/ControlRig_Triangle_solid.uexp" 384
"../../../Engine/Plugins/Animation/ControlRig/Content/Controls/ControlRig_Triangle_3mm.ubulk" 385
"../../../Engine/Plugins/Animation/ControlRig/Content/Controls/ControlRig_Triangle_3mm.uasset" 386
"../../../Engine/Plugins/Animation/ControlRig/Content/Controls/ControlRig_Triangle_3mm.uexp" 387
"../../../Engine/Plugins/Animation/ControlRig/Content/Controls/ControlRig_Triangle_1mm.ubulk" 388
"../../../Engine/Plugins/Animation/ControlRig/Content/Controls/ControlRig_Triangle_1mm.uasset" 389
"../../../Engine/Plugins/Animation/ControlRig/Content/Controls/ControlRig_Triangle_1mm.uexp" 390
"../../../Engine/Plugins/Animation/ControlRig/Content/Controls/ControlRig_Star4_solid.ubulk" 391
"../../../Engine/Plugins/Animation/ControlRig/Content/Controls/ControlRig_Star4_solid.uasset" 392
"../../../Engine/Plugins/Animation/ControlRig/Content/Controls/ControlRig_Star4_solid.uexp" 393
"../../../Engine/Plugins/Animation/ControlRig/Content/Controls/ControlRig_Star4_3mm.ubulk" 394
"../../../Engine/Plugins/Animation/ControlRig/Content/Controls/ControlRig_Star4_3mm.uasset" 395
"../../../Engine/Plugins/Animation/ControlRig/Content/Controls/ControlRig_Star4_3mm.uexp" 396
"../../../Engine/Plugins/Animation/ControlRig/Content/Controls/ControlRig_Star4_1mm.ubulk" 397
"../../../Engine/Plugins/Animation/ControlRig/Content/Controls/ControlRig_Star4_1mm.uasset" 398
"../../../Engine/Plugins/Animation/ControlRig/Content/Controls/ControlRig_Star4_1mm.uexp" 399
"../../../Engine/Plugins/Animation/ControlRig/Content/Controls/ControlRig_Square_solid.ubulk" 400
"../../../Engine/Plugins/Animation/ControlRig/Content/Controls/ControlRig_Square_solid.uasset" 401
"../../../Engine/Plugins/Animation/ControlRig/Content/Controls/ControlRig_Square_solid.uexp" 402
"../../../Engine/Plugins/Animation/ControlRig/Content/Controls/ControlRig_Square_3mm.ubulk" 403
"../../../Engine/Plugins/Animation/ControlRig/Content/Controls/ControlRig_Square_3mm.uasset" 404
"../../../Engine/Plugins/Animation/ControlRig/Content/Controls/ControlRig_Square_3mm.uexp" 405
"../../../Engine/Plugins/Animation/ControlRig/Content/Controls/ControlRig_Square_1mm.ubulk" 406
"../../../Engine/Plugins/Animation/ControlRig/Content/Controls/ControlRig_Square_1mm.uasset" 407
"../../../Engine/Plugins/Animation/ControlRig/Content/Controls/ControlRig_Square_1mm.uexp" 408
"../../../Engine/Plugins/Animation/ControlRig/Content/Controls/ControlRig_Sphere_solid.ubulk" 409
"../../../Engine/Plugins/Animation/ControlRig/Content/Controls/ControlRig_Sphere_solid.uasset" 410
"../../../Engine/Plugins/Animation/ControlRig/Content/Controls/ControlRig_Sphere_solid.uexp" 411
"../../../Engine/Plugins/Animation/ControlRig/Content/Controls/ControlRig_Sphere_3mm.ubulk" 412
"../../../Engine/Plugins/Animation/ControlRig/Content/Controls/ControlRig_Sphere_3mm.uasset" 413
"../../../Engine/Plugins/Animation/ControlRig/Content/Controls/ControlRig_Sphere_3mm.uexp" 414
"../../../Engine/Plugins/Animation/ControlRig/Content/Controls/ControlRig_Sphere_1mm.ubulk" 415
"../../../Engine/Plugins/Animation/ControlRig/Content/Controls/ControlRig_Sphere_1mm.uasset" 416
"../../../Engine/Plugins/Animation/ControlRig/Content/Controls/ControlRig_Sphere_1mm.uexp" 417
"../../../Engine/Plugins/Animation/ControlRig/Content/Controls/ControlRig_RoundedTriangle_solid.ubulk" 418
"../../../Engine/Plugins/Animation/ControlRig/Content/Controls/ControlRig_RoundedTriangle_solid.uasset" 419
"../../../Engine/Plugins/Animation/ControlRig/Content/Controls/ControlRig_RoundedTriangle_solid.uexp" 420
"../../../Engine/Plugins/Animation/ControlRig/Content/Controls/ControlRig_RoundedTriangle_3mm.ubulk" 421
"../../../Engine/Plugins/Animation/ControlRig/Content/Controls/ControlRig_RoundedTriangle_3mm.uasset" 422
"../../../Engine/Plugins/Animation/ControlRig/Content/Controls/ControlRig_RoundedTriangle_3mm.uexp" 423
"../../../Engine/Plugins/Animation/ControlRig/Content/Controls/ControlRig_RoundedTriangle_1mm.ubulk" 424
"../../../Engine/Plugins/Animation/ControlRig/Content/Controls/ControlRig_RoundedTriangle_1mm.uasset" 425
"../../../Engine/Plugins/Animation/ControlRig/Content/Controls/ControlRig_RoundedTriangle_1mm.uexp" 426
"../../../Engine/Plugins/Animation/ControlRig/Content/Controls/ControlRig_RoundedSquare_solid.ubulk" 427
"../../../Engine/Plugins/Animation/ControlRig/Content/Controls/ControlRig_RoundedSquare_solid.uasset" 428
"../../../Engine/Plugins/Animation/ControlRig/Content/Controls/ControlRig_RoundedSquare_solid.uexp" 429
"../../../Engine/Plugins/Animation/ControlRig/Content/Controls/ControlRig_RoundedSquare_3mm.ubulk" 430
"../../../Engine/Plugins/Animation/ControlRig/Content/Controls/ControlRig_RoundedSquare_3mm.uasset" 431
"../../../Engine/Plugins/Animation/ControlRig/Content/Controls/ControlRig_RoundedSquare_3mm.uexp" 432
"../../../Engine/Plugins/Animation/ControlRig/Content/Controls/ControlRig_RoundedSquare_1mm.ubulk" 433
"../../../Engine/Plugins/Animation/ControlRig/Content/Controls/ControlRig_RoundedSquare_1mm.uasset" 434
"../../../Engine/Plugins/Animation/ControlRig/Content/Controls/ControlRig_RoundedSquare_1mm.uexp" 435
"../../../Engine/Plugins/Animation/ControlRig/Content/Controls/ControlRig_QuarterCircle_solid.ubulk" 436
"../../../Engine/Plugins/Animation/ControlRig/Content/Controls/ControlRig_QuarterCircle_solid.uasset" 437
"../../../Engine/Plugins/Animation/ControlRig/Content/Controls/ControlRig_QuarterCircle_solid.uexp" 438
"../../../Engine/Plugins/Animation/ControlRig/Content/Controls/ControlRig_QuarterCircle_3mm.ubulk" 439
"../../../Engine/Plugins/Animation/ControlRig/Content/Controls/ControlRig_QuarterCircle_3mm.uasset" 440
"../../../Engine/Plugins/Animation/ControlRig/Content/Controls/ControlRig_QuarterCircle_3mm.uexp" 441
"../../../Engine/Plugins/Animation/ControlRig/Content/Controls/ControlRig_QuarterCircle_1mm.ubulk" 442
"../../../Engine/Plugins/Animation/ControlRig/Content/Controls/ControlRig_QuarterCircle_1mm.uasset" 443
"../../../Engine/Plugins/Animation/ControlRig/Content/Controls/ControlRig_QuarterCircle_1mm.uexp" 444
"../../../Engine/Plugins/Animation/ControlRig/Content/Controls/ControlRig_Pyramid_solid.ubulk" 445
"../../../Engine/Plugins/Animation/ControlRig/Content/Controls/ControlRig_Pyramid_solid.uasset" 446
"../../../Engine/Plugins/Animation/ControlRig/Content/Controls/ControlRig_Pyramid_solid.uexp" 447
"../../../Engine/Plugins/Animation/ControlRig/Content/Controls/ControlRig_Pyramid_3mm.ubulk" 448
"../../../Engine/Plugins/Animation/ControlRig/Content/Controls/ControlRig_Pyramid_3mm.uasset" 449
"../../../Engine/Plugins/Animation/ControlRig/Content/Controls/ControlRig_Pyramid_3mm.uexp" 450
"../../../Engine/Plugins/Animation/ControlRig/Content/Controls/ControlRig_Pyramid_1mm.ubulk" 451
"../../../Engine/Plugins/Animation/ControlRig/Content/Controls/ControlRig_Pyramid_1mm.uasset" 452
"../../../Engine/Plugins/Animation/ControlRig/Content/Controls/ControlRig_Pyramid_1mm.uexp" 453
"../../../Engine/Plugins/Animation/ControlRig/Content/Controls/ControlRig_Octagon_solid.ubulk" 454
"../../../Engine/Plugins/Animation/ControlRig/Content/Controls/ControlRig_Octagon_solid.uasset" 455
"../../../Engine/Plugins/Animation/ControlRig/Content/Controls/ControlRig_Octagon_solid.uexp" 456
"../../../Engine/Plugins/Animation/ControlRig/Content/Controls/ControlRig_Octagon_3mm.ubulk" 457
"../../../Engine/Plugins/Animation/ControlRig/Content/Controls/ControlRig_Octagon_3mm.uasset" 458
"../../../Engine/Plugins/Animation/ControlRig/Content/Controls/ControlRig_Octagon_3mm.uexp" 459
"../../../Engine/Plugins/Animation/ControlRig/Content/Controls/ControlRig_Octagon_1mm.ubulk" 460
"../../../Engine/Plugins/Animation/ControlRig/Content/Controls/ControlRig_Octagon_1mm.uasset" 461
"../../../Engine/Plugins/Animation/ControlRig/Content/Controls/ControlRig_Octagon_1mm.uexp" 462
"../../../Engine/Plugins/Animation/ControlRig/Content/Controls/ControlRig_Hexagon_solid.ubulk" 463
"../../../Engine/Plugins/Animation/ControlRig/Content/Controls/ControlRig_Hexagon_solid.uasset" 464
"../../../Engine/Plugins/Animation/ControlRig/Content/Controls/ControlRig_Hexagon_solid.uexp" 465
"../../../Engine/Plugins/Animation/ControlRig/Content/Controls/ControlRig_Hexagon_3mm.ubulk" 466
"../../../Engine/Plugins/Animation/ControlRig/Content/Controls/ControlRig_Hexagon_3mm.uasset" 467
"../../../Engine/Plugins/Animation/ControlRig/Content/Controls/ControlRig_Hexagon_3mm.uexp" 468
"../../../Engine/Plugins/Animation/ControlRig/Content/Controls/ControlRig_Hexagon_1mm.ubulk" 469
"../../../Engine/Plugins/Animation/ControlRig/Content/Controls/ControlRig_Hexagon_1mm.uasset" 470
"../../../Engine/Plugins/Animation/ControlRig/Content/Controls/ControlRig_Hexagon_1mm.uexp" 471
"../../../Engine/Plugins/Animation/ControlRig/Content/Controls/ControlRig_HalfCircle_solid.ubulk" 472
"../../../Engine/Plugins/Animation/ControlRig/Content/Controls/ControlRig_HalfCircle_solid.uasset" 473
"../../../Engine/Plugins/Animation/ControlRig/Content/Controls/ControlRig_HalfCircle_solid.uexp" 474
"../../../Engine/Plugins/Animation/ControlRig/Content/Controls/ControlRig_HalfCircle_3mm.ubulk" 475
"../../../Engine/Plugins/Animation/ControlRig/Content/Controls/ControlRig_HalfCircle_3mm.uasset" 476
"../../../Engine/Plugins/Animation/ControlRig/Content/Controls/ControlRig_HalfCircle_3mm.uexp" 477
"../../../Engine/Plugins/Animation/ControlRig/Content/Controls/ControlRig_HalfCircle_1mm.ubulk" 478
"../../../Engine/Plugins/Animation/ControlRig/Content/Controls/ControlRig_HalfCircle_1mm.uasset" 479
"../../../Engine/Plugins/Animation/ControlRig/Content/Controls/ControlRig_HalfCircle_1mm.uexp" 480
"../../../Engine/Plugins/Animation/ControlRig/Content/Controls/ControlRig_Diamond_solid.ubulk" 481
"../../../Engine/Plugins/Animation/ControlRig/Content/Controls/ControlRig_Diamond_solid.uasset" 482
"../../../Engine/Plugins/Animation/ControlRig/Content/Controls/ControlRig_Diamond_solid.uexp" 483
"../../../Engine/Plugins/Animation/ControlRig/Content/Controls/ControlRig_Diamond_3mm.ubulk" 484
"../../../Engine/Plugins/Animation/ControlRig/Content/Controls/ControlRig_Diamond_3mm.uasset" 485
"../../../Engine/Plugins/Animation/ControlRig/Content/Controls/ControlRig_Diamond_3mm.uexp" 486
"../../../Engine/Plugins/Animation/ControlRig/Content/Controls/ControlRig_Diamond_1mm.ubulk" 487
"../../../Engine/Plugins/Animation/ControlRig/Content/Controls/ControlRig_Diamond_1mm.uasset" 488
"../../../Engine/Plugins/Animation/ControlRig/Content/Controls/ControlRig_Diamond_1mm.uexp" 489
"../../../Engine/Plugins/Animation/ControlRig/Content/Controls/ControlRig_Circle_solid.ubulk" 490
"../../../Engine/Plugins/Animation/ControlRig/Content/Controls/ControlRig_Circle_solid.uasset" 491
"../../../Engine/Plugins/Animation/ControlRig/Content/Controls/ControlRig_Circle_solid.uexp" 492
"../../../Engine/Plugins/Animation/ControlRig/Content/Controls/ControlRig_Circle_3mm.ubulk" 493
"../../../Engine/Plugins/Animation/ControlRig/Content/Controls/ControlRig_Circle_3mm.uasset" 494
"../../../Engine/Plugins/Animation/ControlRig/Content/Controls/ControlRig_Circle_3mm.uexp" 495
"../../../Engine/Plugins/Animation/ControlRig/Content/Controls/ControlRig_Circle_1mm.ubulk" 496
"../../../Engine/Plugins/Animation/ControlRig/Content/Controls/ControlRig_Circle_1mm.uasset" 497
"../../../Engine/Plugins/Animation/ControlRig/Content/Controls/ControlRig_Circle_1mm.uexp" 498
"../../../Engine/Plugins/Animation/ControlRig/Content/Controls/ControlRig_Box_solid.ubulk" 499
"../../../Engine/Plugins/Animation/ControlRig/Content/Controls/ControlRig_Box_solid.uasset" 500
"../../../Engine/Plugins/Animation/ControlRig/Content/Controls/ControlRig_Box_solid.uexp" 501
"../../../Engine/Plugins/Animation/ControlRig/Content/Controls/ControlRig_Box_3mm.ubulk" 502
"../../../Engine/Plugins/Animation/ControlRig/Content/Controls/ControlRig_Box_3mm.uasset" 503
"../../../Engine/Plugins/Animation/ControlRig/Content/Controls/ControlRig_Box_3mm.uexp" 504
"../../../Engine/Plugins/Animation/ControlRig/Content/Controls/ControlRig_Box_1mm.ubulk" 505
"../../../Engine/Plugins/Animation/ControlRig/Content/Controls/ControlRig_Box_1mm.uasset" 506
"../../../Engine/Plugins/Animation/ControlRig/Content/Controls/ControlRig_Box_1mm.uexp" 507
"../../../Engine/Plugins/Animation/ControlRig/Content/Controls/ControlRig_Arrow_solid.ubulk" 508
"../../../Engine/Plugins/Animation/ControlRig/Content/Controls/ControlRig_Arrow_solid.uasset" 509
"../../../Engine/Plugins/Animation/ControlRig/Content/Controls/ControlRig_Arrow_solid.uexp" 510
"../../../Engine/Plugins/Animation/ControlRig/Content/Controls/ControlRig_Arrow_3mm.ubulk" 511
"../../../Engine/Plugins/Animation/ControlRig/Content/Controls/ControlRig_Arrow_3mm.uasset" 512
"../../../Engine/Plugins/Animation/ControlRig/Content/Controls/ControlRig_Arrow_3mm.uexp" 513
"../../../Engine/Plugins/Animation/ControlRig/Content/Controls/ControlRig_Arrow_1mm.ubulk" 514
"../../../Engine/Plugins/Animation/ControlRig/Content/Controls/ControlRig_Arrow_1mm.uasset" 515
"../../../Engine/Plugins/Animation/ControlRig/Content/Controls/ControlRig_Arrow_1mm.uexp" 516
"../../../Engine/Plugins/Animation/ControlRig/Content/Controls/ControlRig_Arrow4_solid.ubulk" 517
"../../../Engine/Plugins/Animation/ControlRig/Content/Controls/ControlRig_Arrow4_solid.uasset" 518
"../../../Engine/Plugins/Animation/ControlRig/Content/Controls/ControlRig_Arrow4_solid.uexp" 519
"../../../Engine/Plugins/Animation/ControlRig/Content/Controls/ControlRig_Arrow4_3mm.ubulk" 520
"../../../Engine/Plugins/Animation/ControlRig/Content/Controls/ControlRig_Arrow4_3mm.uasset" 521
"../../../Engine/Plugins/Animation/ControlRig/Content/Controls/ControlRig_Arrow4_3mm.uexp" 522
"../../../Engine/Plugins/Editor/SpeedTreeImporter/Content/SpeedTree9/game_wind_noise.ubulk" 523
"../../../Engine/Plugins/Editor/SpeedTreeImporter/Content/SpeedTree9/game_wind_noise.uasset" 524
"../../../Engine/Plugins/Editor/SpeedTreeImporter/Content/SpeedTree9/game_wind_noise.uexp" 525
"../../../Engine/Plugins/Editor/SpeedTreeImporter/Content/SpeedTree9/UnpackDirection.uasset" 526
"../../../Engine/Plugins/Editor/SpeedTreeImporter/Content/SpeedTree9/UnpackDirection.uexp" 527
"../../../Engine/Content/Functions/Engine_MaterialFunctions02/ObjectLocalBounds.uasset" 528
"../../../Engine/Content/Functions/Engine_MaterialFunctions02/ObjectLocalBounds.uexp" 529
"../../../Engine/Content/Functions/Engine_MaterialFunctions02/UVs/BoundingBoxBased_0-1_UVW.uasset" 530
"../../../Engine/Content/Functions/Engine_MaterialFunctions02/UVs/BoundingBoxBased_0-1_UVW.uexp" 531
"../../../Engine/Content/Functions/Engine_MaterialFunctions02/Utility/VectorLength.uasset" 532
"../../../Engine/Content/Functions/Engine_MaterialFunctions02/Utility/VectorLength.uexp" 533
"../../../Engine/Plugins/Editor/SpeedTreeImporter/Content/SpeedTree9/UnpackInteger3.uasset" 534
"../../../Engine/Plugins/Editor/SpeedTreeImporter/Content/SpeedTree9/UnpackInteger3.uexp" 535
"../../../Engine/Plugins/Editor/SpeedTreeImporter/Content/SpeedTree9/SpeedTreeCameraFacing.uasset" 536
"../../../Engine/Plugins/Editor/SpeedTreeImporter/Content/SpeedTree9/SpeedTreeCameraFacing.uexp" 537
"../../../Engine/Content/Functions/Engine_MaterialFunctions02/WorldPositionOffset/ObjectScale.uasset" 538
"../../../Engine/Content/Functions/Engine_MaterialFunctions02/WorldPositionOffset/ObjectScale.uexp" 539
"../../../Engine/Content/Functions/Engine_MaterialFunctions02/SafeNormalize.uasset" 540
"../../../Engine/Content/Functions/Engine_MaterialFunctions02/SafeNormalize.uexp" 541
"../../../Engine/Plugins/Editor/SpeedTreeImporter/Content/SpeedTree9/SpeedTreeWindMotion.uasset" 542
"../../../Engine/Plugins/Editor/SpeedTreeImporter/Content/SpeedTree9/SpeedTreeWindMotion.uexp" 543
"../../../Engine/Plugins/Editor/SpeedTreeImporter/Content/SpeedTree9/SpeedTreeBranchMotion.uasset" 544
"../../../Engine/Plugins/Editor/SpeedTreeImporter/Content/SpeedTree9/SpeedTreeBranchMotion.uexp" 545
"../../../Engine/Plugins/Editor/SpeedTreeImporter/Content/SpeedTree9/SpeedTreeWind.uasset" 546
"../../../Engine/Plugins/Editor/SpeedTreeImporter/Content/SpeedTree9/SpeedTreeWind.uexp" 547
"../../../Engine/Plugins/Editor/SpeedTreeImporter/Content/SpeedTree9/EmptyNormal.uasset" 548
"../../../Engine/Plugins/Editor/SpeedTreeImporter/Content/SpeedTree9/EmptyNormal.uexp" 549
"../../../Engine/Plugins/Editor/SpeedTreeImporter/Content/SpeedTree9/Empty.uasset" 550
"../../../Engine/Plugins/Editor/SpeedTreeImporter/Content/SpeedTree9/Empty.uexp" 551
"../../../Engine/Plugins/Editor/SpeedTreeImporter/Content/SpeedTree9/SpeedTreeMaster.uasset" 552
"../../../Engine/Plugins/Editor/SpeedTreeImporter/Content/SpeedTree9/SpeedTreeMaster.uexp" 553
"../../../Engine/Plugins/Editor/SpeedTreeImporter/Content/SpeedTree9/SpeedTreeBillboard.uasset" 554
"../../../Engine/Plugins/Editor/SpeedTreeImporter/Content/SpeedTree9/SpeedTreeBillboard.uexp" 555
"../../../Engine/Plugins/Editor/SpeedTreeImporter/Content/SpeedTree9/SpeedTreeBillboardMaster.uasset" 556
"../../../Engine/Plugins/Editor/SpeedTreeImporter/Content/SpeedTree9/SpeedTreeBillboardMaster.uexp" 557
"../../../Engine/Content/Functions/Engine_MaterialFunctions02/Texturing/CustomRotator.uasset" 558
"../../../Engine/Content/Functions/Engine_MaterialFunctions02/Texturing/CustomRotator.uexp" 559
"../../../Engine/Content/Functions/Engine_MaterialFunctions02/Texturing/ScreenAlignedPixelToPixelUVs.uasset" 560
"../../../Engine/Content/Functions/Engine_MaterialFunctions02/Texturing/ScreenAlignedPixelToPixelUVs.uexp" 561
"../../../Engine/Plugins/Interchange/Runtime/Content/Utilities/T_Bayer64_Grayscale_64px.uasset" 562
"../../../Engine/Plugins/Interchange/Runtime/Content/Utilities/T_Bayer64_Grayscale_64px.uexp" 563
"../../../Engine/Plugins/Interchange/Runtime/Content/gltf/MaterialFunctions/MF_Temporal_Blur.uasset" 564
"../../../Engine/Plugins/Interchange/Runtime/Content/gltf/MaterialFunctions/MF_Temporal_Blur.uexp" 565
"../../../Engine/Plugins/Interchange/Runtime/Content/gltf/MaterialFunctions/MF_Fresnel_DS.uasset" 566
"../../../Engine/Plugins/Interchange/Runtime/Content/gltf/MaterialFunctions/MF_Fresnel_DS.uexp" 567
"../../../Engine/Plugins/Interchange/Runtime/Content/Functions/MX_Transmission.uasset" 568
"../../../Engine/Plugins/Interchange/Runtime/Content/Functions/MX_Transmission.uexp" 569
"../../../Engine/Plugins/Interchange/Runtime/Content/Functions/MF_OrenNayerView.uasset" 570
"../../../Engine/Plugins/Interchange/Runtime/Content/Functions/MF_OrenNayerView.uexp" 571
"../../../Engine/Plugins/Interchange/Runtime/Content/Functions/MF_SchlickApprox.uasset" 572
"../../../Engine/Plugins/Interchange/Runtime/Content/Functions/MF_SchlickApprox.uexp" 573
"../../../Engine/Plugins/Interchange/Runtime/Content/Utilities/New_LUT.uasset" 574
"../../../Engine/Plugins/Interchange/Runtime/Content/Utilities/New_LUT.uexp" 575
"../../../Engine/Content/Functions/Engine_MaterialFunctions03/Math/RemapValueRange.uasset" 576
"../../../Engine/Content/Functions/Engine_MaterialFunctions03/Math/RemapValueRange.uexp" 577
"../../../Engine/Plugins/Interchange/Runtime/Content/Functions/MF_Iridescence.uasset" 578
"../../../Engine/Plugins/Interchange/Runtime/Content/Functions/MF_Iridescence.uexp" 579
"../../../Engine/Plugins/Interchange/Runtime/Content/Functions/MX_StandardSurface.uasset" 580
"../../../Engine/Plugins/Interchange/Runtime/Content/Functions/MX_StandardSurface.uexp" 581
"../../../Engine/Plugins/Interchange/Runtime/Content/Functions/MX_TransmissionSurface.uasset" 582
"../../../Engine/Plugins/Interchange/Runtime/Content/Functions/MX_TransmissionSurface.uexp" 583
"../../../Engine/Plugins/Interchange/Runtime/Content/gltf/MaterialFunctions/MF_RotateV2.uasset" 584
"../../../Engine/Plugins/Interchange/Runtime/Content/gltf/MaterialFunctions/MF_RotateV2.uexp" 585
"../../../Engine/Plugins/Interchange/Runtime/Content/gltf/MaterialFunctions/MF_TransformUVs.uasset" 586
"../../../Engine/Plugins/Interchange/Runtime/Content/gltf/MaterialFunctions/MF_TransformUVs.uexp" 587
"../../../Engine/Plugins/Interchange/Runtime/Content/gltf/Textures/T_White_srgb.uasset" 588
"../../../Engine/Plugins/Interchange/Runtime/Content/gltf/Textures/T_White_srgb.uexp" 589
"../../../Engine/Plugins/Interchange/Runtime/Content/gltf/MaterialFunctions/MF_BaseColor.uasset" 590
"../../../Engine/Plugins/Interchange/Runtime/Content/gltf/MaterialFunctions/MF_BaseColor.uexp" 591
"../../../Engine/Plugins/Interchange/Runtime/Content/gltf/MaterialFunctions/MF_DiffuseSpecGloss.uasset" 592
"../../../Engine/Plugins/Interchange/Runtime/Content/gltf/MaterialFunctions/MF_DiffuseSpecGloss.uexp" 593
"../../../Engine/Plugins/Interchange/Runtime/Content/gltf/Textures/T_White_Linear.uasset" 594
"../../../Engine/Plugins/Interchange/Runtime/Content/gltf/Textures/T_White_Linear.uexp" 595
"../../../Engine/Plugins/Interchange/Runtime/Content/gltf/MaterialFunctions/MF_MetallicRoughness.uasset" 596
"../../../Engine/Plugins/Interchange/Runtime/Content/gltf/MaterialFunctions/MF_MetallicRoughness.uexp" 597
"../../../Engine/Plugins/Interchange/Runtime/Content/gltf/MaterialFunctions/MF_Transmission.uasset" 598
"../../../Engine/Plugins/Interchange/Runtime/Content/gltf/MaterialFunctions/MF_Transmission.uexp" 599
"../../../Engine/Plugins/Interchange/Runtime/Content/gltf/MaterialFunctions/MF_Occlusion.uasset" 600
"../../../Engine/Plugins/Interchange/Runtime/Content/gltf/MaterialFunctions/MF_Occlusion.uexp" 601
"../../../Engine/Plugins/Interchange/Runtime/Content/gltf/MaterialFunctions/MF_Specular.uasset" 602
"../../../Engine/Plugins/Interchange/Runtime/Content/gltf/MaterialFunctions/MF_Specular.uexp" 603
"../../../Engine/Plugins/Interchange/Runtime/Content/gltf/MaterialFunctions/MF_IOR.uasset" 604
"../../../Engine/Plugins/Interchange/Runtime/Content/gltf/MaterialFunctions/MF_IOR.uexp" 605
"../../../Engine/Content/Functions/Engine_MaterialFunctions01/Texturing/FlattenNormal.uasset" 606
"../../../Engine/Content/Functions/Engine_MaterialFunctions01/Texturing/FlattenNormal.uexp" 607
"../../../Engine/Content/Functions/Engine_MaterialFunctions02/Math/Transform3x3Matrix.uasset" 608
"../../../Engine/Content/Functions/Engine_MaterialFunctions02/Math/Transform3x3Matrix.uexp" 609
"../../../Engine/Plugins/Interchange/Runtime/Content/gltf/MaterialFunctions/MF_RotateNormals_TS.uasset" 610
"../../../Engine/Plugins/Interchange/Runtime/Content/gltf/MaterialFunctions/MF_RotateNormals_TS.uexp" 611
"../../../Engine/Plugins/Interchange/Runtime/Content/gltf/Textures/T_Generic_N.uasset" 612
"../../../Engine/Plugins/Interchange/Runtime/Content/gltf/Textures/T_Generic_N.uexp" 613
"../../../Engine/Plugins/Interchange/Runtime/Content/gltf/MaterialFunctions/MF_Normals.uasset" 614
"../../../Engine/Plugins/Interchange/Runtime/Content/gltf/MaterialFunctions/MF_Normals.uexp" 615
"../../../Engine/Content/Functions/Engine_MaterialFunctions02/Math/AddComponents.uasset" 616
"../../../Engine/Content/Functions/Engine_MaterialFunctions02/Math/AddComponents.uexp" 617
"../../../Engine/Plugins/Interchange/Runtime/Content/gltf/MaterialFunctions/MF_PerceivedBrightness.uasset" 618
"../../../Engine/Plugins/Interchange/Runtime/Content/gltf/MaterialFunctions/MF_PerceivedBrightness.uexp" 619
"../../../Engine/Plugins/Interchange/Runtime/Content/gltf/MaterialFunctions/MF_SpecGlossToMetalRoughness.uasset" 620
"../../../Engine/Plugins/Interchange/Runtime/Content/gltf/MaterialFunctions/MF_SpecGlossToMetalRoughness.uexp" 621
"../../../Engine/Plugins/Interchange/Runtime/Content/gltf/M_Transmission.uasset" 622
"../../../Engine/Plugins/Interchange/Runtime/Content/gltf/M_Transmission.uexp" 623
"../../../Engine/Plugins/Interchange/Runtime/Content/gltf/MaterialInstances_MR/MI_Transmission_TS.uasset" 624
"../../../Engine/Plugins/Interchange/Runtime/Content/gltf/MaterialInstances_MR/MI_Transmission_TS.uexp" 625
"../../../Engine/Plugins/Interchange/Runtime/Content/gltf/MaterialInstances_MR/MI_Transmission.uasset" 626
"../../../Engine/Plugins/Interchange/Runtime/Content/gltf/MaterialInstances_MR/MI_Transmission.uexp" 627
"../../../Engine/Plugins/Interchange/Runtime/Content/gltf/MaterialFunctions/MF_Clearcoat.uasset" 628
"../../../Engine/Plugins/Interchange/Runtime/Content/gltf/MaterialFunctions/MF_Clearcoat.uexp" 629
"../../../Engine/Plugins/Interchange/Runtime/Content/gltf/MaterialFunctions/MF_Emissive.uasset" 630
"../../../Engine/Plugins/Interchange/Runtime/Content/gltf/MaterialFunctions/MF_Emissive.uexp" 631
"../../../Engine/Plugins/Interchange/Runtime/Content/gltf/M_Translucent.uasset" 632
"../../../Engine/Plugins/Interchange/Runtime/Content/gltf/M_Translucent.uexp" 633
"../../../Engine/Plugins/Interchange/Runtime/Content/gltf/MaterialInstances_MR/MI_Translucent_TS.uasset" 634
"../../../Engine/Plugins/Interchange/Runtime/Content/gltf/MaterialInstances_MR/MI_Translucent_TS.uexp" 635
"../../../Engine/Plugins/Interchange/Runtime/Content/gltf/MaterialInstances_MR/MI_Translucent_ClearCoat_TS.uasset" 636
"../../../Engine/Plugins/Interchange/Runtime/Content/gltf/MaterialInstances_MR/MI_Translucent_ClearCoat_TS.uexp" 637
"../../../Engine/Plugins/Interchange/Runtime/Content/gltf/MaterialInstances_MR/MI_Translucent_ClearCoat.uasset" 638
"../../../Engine/Plugins/Interchange/Runtime/Content/gltf/MaterialInstances_MR/MI_Translucent_ClearCoat.uexp" 639
"../../../Engine/Plugins/Interchange/Runtime/Content/gltf/MaterialInstances_MR/MI_Translucent.uasset" 640
"../../../Engine/Plugins/Interchange/Runtime/Content/gltf/MaterialInstances_MR/MI_Translucent.uexp" 641
"../../../Engine/Plugins/Interchange/Runtime/Content/gltf/M_Unlit.uasset" 642
"../../../Engine/Plugins/Interchange/Runtime/Content/gltf/M_Unlit.uexp" 643
"../../../Engine/Plugins/Interchange/Runtime/Content/gltf/MaterialInstances_MR/MI_Opaque_Unlit_TS.uasset" 644
"../../../Engine/Plugins/Interchange/Runtime/Content/gltf/MaterialInstances_MR/MI_Opaque_Unlit_TS.uexp" 645
"../../../Engine/Plugins/Interchange/Runtime/Content/gltf/MaterialInstances_MR/MI_Opaque_Unlit.uasset" 646
"../../../Engine/Plugins/Interchange/Runtime/Content/gltf/MaterialInstances_MR/MI_Opaque_Unlit.uexp" 647
"../../../Engine/Plugins/Interchange/Runtime/Content/gltf/M_Opaque.uasset" 648
"../../../Engine/Plugins/Interchange/Runtime/Content/gltf/M_Opaque.uexp" 649
"../../../Engine/Plugins/Interchange/Runtime/Content/gltf/MaterialInstances_MR/MI_Opaque_TS.uasset" 650
"../../../Engine/Plugins/Interchange/Runtime/Content/gltf/MaterialInstances_MR/MI_Opaque_TS.uexp" 651
"../../../Engine/Plugins/Interchange/Runtime/Content/gltf/MaterialFunctions/MF_Sheen.uasset" 652
"../../../Engine/Plugins/Interchange/Runtime/Content/gltf/MaterialFunctions/MF_Sheen.uexp" 653
"../../../Engine/Content/Functions/Engine_MaterialFunctions01/Shading/FuzzyShading.uasset" 654
"../../../Engine/Content/Functions/Engine_MaterialFunctions01/Shading/FuzzyShading.uexp" 655
"../../../Engine/Plugins/Interchange/Runtime/Content/gltf/M_Sheen.uasset" 656
"../../../Engine/Plugins/Interchange/Runtime/Content/gltf/M_Sheen.uexp" 657
"../../../Engine/Plugins/Interchange/Runtime/Content/gltf/MaterialInstances_MR/MI_Opaque_Sheen_TS.uasset" 658
"../../../Engine/Plugins/Interchange/Runtime/Content/gltf/MaterialInstances_MR/MI_Opaque_Sheen_TS.uexp" 659
"../../../Engine/Plugins/Interchange/Runtime/Content/gltf/MaterialInstances_MR/MI_Opaque_Sheen.uasset" 660
"../../../Engine/Plugins/Interchange/Runtime/Content/gltf/MaterialInstances_MR/MI_Opaque_Sheen.uexp" 661
"../../../Engine/Plugins/Interchange/Runtime/Content/gltf/MaterialInstances_MR/MI_Opaque_ClearCoat_TS.uasset" 662
"../../../Engine/Plugins/Interchange/Runtime/Content/gltf/MaterialInstances_MR/MI_Opaque_ClearCoat_TS.uexp" 663
"../../../Engine/Plugins/Interchange/Runtime/Content/gltf/MaterialInstances_MR/MI_Opaque_ClearCoat.uasset" 664
"../../../Engine/Plugins/Interchange/Runtime/Content/gltf/MaterialInstances_MR/MI_Opaque_ClearCoat.uexp" 665
"../../../Engine/Plugins/Interchange/Runtime/Content/gltf/MaterialInstances_MR/MI_Opaque.uasset" 666
"../../../Engine/Plugins/Interchange/Runtime/Content/gltf/MaterialInstances_MR/MI_Opaque.uexp" 667
"../../../Engine/Content/Functions/Engine_MaterialFunctions02/WorldPositionOffset/V2/ObjectScale.uasset" 668
"../../../Engine/Content/Functions/Engine_MaterialFunctions02/WorldPositionOffset/V2/ObjectScale.uexp" 669
"../../../Engine/Plugins/Interchange/Runtime/Content/gltf/MaterialFunctions/MF_TransmissionOpacity.uasset" 670
"../../../Engine/Plugins/Interchange/Runtime/Content/gltf/MaterialFunctions/MF_TransmissionOpacity.uexp" 671
"../../../Engine/Plugins/Interchange/Runtime/Content/gltf/MaterialInstances_SG/MI_Transmission_TS.uasset" 672
"../../../Engine/Plugins/Interchange/Runtime/Content/gltf/MaterialInstances_SG/MI_Transmission_TS.uexp" 673
"../../../Engine/Plugins/Interchange/Runtime/Content/gltf/MaterialInstances_SG/MI_Transmission.uasset" 674
"../../../Engine/Plugins/Interchange/Runtime/Content/gltf/MaterialInstances_SG/MI_Transmission.uexp" 675
"../../../Engine/Plugins/Interchange/Runtime/Content/gltf/MaterialInstances_SG/MI_Translucent_TS.uasset" 676
"../../../Engine/Plugins/Interchange/Runtime/Content/gltf/MaterialInstances_SG/MI_Translucent_TS.uexp" 677
"../../../Engine/Plugins/Interchange/Runtime/Content/gltf/MaterialInstances_SG/MI_Translucent_ClearCoat_TS.uasset" 678
"../../../Engine/Plugins/Interchange/Runtime/Content/gltf/MaterialInstances_SG/MI_Translucent_ClearCoat_TS.uexp" 679
"../../../Engine/Plugins/Interchange/Runtime/Content/gltf/MaterialInstances_SG/MI_Translucent_ClearCoat.uasset" 680
"../../../Engine/Plugins/Interchange/Runtime/Content/gltf/MaterialInstances_SG/MI_Translucent_ClearCoat.uexp" 681
"../../../Engine/Plugins/Interchange/Runtime/Content/gltf/MaterialInstances_SG/MI_Translucent.uasset" 682
"../../../Engine/Plugins/Interchange/Runtime/Content/gltf/MaterialInstances_SG/MI_Translucent.uexp" 683
"../../../Engine/Plugins/Interchange/Runtime/Content/gltf/MaterialInstances_SG/MI_Opaque_TS.uasset" 684
"../../../Engine/Plugins/Interchange/Runtime/Content/gltf/MaterialInstances_SG/MI_Opaque_TS.uexp" 685
"../../../Engine/Plugins/Interchange/Runtime/Content/gltf/MaterialInstances_SG/MI_Opaque_Sheen_TS.uasset" 686
"../../../Engine/Plugins/Interchange/Runtime/Content/gltf/MaterialInstances_SG/MI_Opaque_Sheen_TS.uexp" 687
"../../../Engine/Plugins/Interchange/Runtime/Content/gltf/MaterialInstances_SG/MI_Opaque_Sheen.uasset" 688
"../../../Engine/Plugins/Interchange/Runtime/Content/gltf/MaterialInstances_SG/MI_Opaque_Sheen.uexp" 689
"../../../Engine/Plugins/Interchange/Runtime/Content/gltf/MaterialInstances_SG/MI_Opaque_ClearCoat_TS.uasset" 690
"../../../Engine/Plugins/Interchange/Runtime/Content/gltf/MaterialInstances_SG/MI_Opaque_ClearCoat_TS.uexp" 691
"../../../Engine/Plugins/Interchange/Runtime/Content/gltf/MaterialInstances_SG/MI_Opaque_ClearCoat.uasset" 692
"../../../Engine/Plugins/Interchange/Runtime/Content/gltf/MaterialInstances_SG/MI_Opaque_ClearCoat.uexp" 693
"../../../Engine/Plugins/Interchange/Runtime/Content/gltf/MaterialInstances_SG/MI_Opaque.uasset" 694
"../../../Engine/Plugins/Interchange/Runtime/Content/gltf/MaterialInstances_SG/MI_Opaque.uexp" 695
"../../../Engine/Plugins/Interchange/Runtime/Content/gltf/Textures/T_Gray_Linear.uasset" 696
"../../../Engine/Plugins/Interchange/Runtime/Content/gltf/Textures/T_Gray_Linear.uexp" 697
"../../../Engine/Plugins/Interchange/Runtime/Content/gltf/Textures/T_Black_srgb.uasset" 698
"../../../Engine/Plugins/Interchange/Runtime/Content/gltf/Textures/T_Black_srgb.uexp" 699
"../../../Engine/Plugins/Interchange/Runtime/Content/Materials/UnlitMaterial.uasset" 700
"../../../Engine/Plugins/Interchange/Runtime/Content/Materials/UnlitMaterial.uexp" 701
"../../../Engine/Content/EngineMaterials/DefaultNormal.ubulk" 702
"../../../Engine/Content/EngineMaterials/DefaultNormal.uasset" 703
"../../../Engine/Content/EngineMaterials/DefaultNormal.uexp" 704
"../../../Engine/Plugins/Interchange/Runtime/Content/Materials/MapOrScalarFunction.uasset" 705
"../../../Engine/Plugins/Interchange/Runtime/Content/Materials/MapOrScalarFunction.uexp" 706
"../../../Engine/Plugins/Interchange/Runtime/Content/Materials/MapOrLinearColorFunction.uasset" 707
"../../../Engine/Plugins/Interchange/Runtime/Content/Materials/MapOrLinearColorFunction.uexp" 708
"../../../Engine/Plugins/Interchange/Runtime/Content/Materials/MapOrColorFunction.uasset" 709
"../../../Engine/Plugins/Interchange/Runtime/Content/Materials/MapOrColorFunction.uexp" 710
"../../../Engine/Plugins/Interchange/Runtime/Content/Materials/CommonMaterial.uasset" 711
"../../../Engine/Plugins/Interchange/Runtime/Content/Materials/CommonMaterial.uexp" 712
"../../../Engine/Plugins/Interchange/Runtime/Content/Materials/PBRSurfaceFunction.uasset" 713
"../../../Engine/Plugins/Interchange/Runtime/Content/Materials/PBRSurfaceFunction.uexp" 714
"../../../Engine/Plugins/Interchange/Runtime/Content/Materials/ThinTranslucentMaterial.uasset" 715
"../../../Engine/Plugins/Interchange/Runtime/Content/Materials/ThinTranslucentMaterial.uexp" 716
"../../../Engine/Plugins/Interchange/Runtime/Content/Materials/SubsurfaceMaterial.uasset" 717
"../../../Engine/Plugins/Interchange/Runtime/Content/Materials/SubsurfaceMaterial.uexp" 718
"../../../Engine/Plugins/Interchange/Runtime/Content/Materials/SheenMaterial.uasset" 719
"../../../Engine/Plugins/Interchange/Runtime/Content/Materials/SheenMaterial.uexp" 720
"../../../Engine/Content/Functions/Engine_MaterialFunctions01/Shading/ConvertFromDiffSpec.uasset" 721
"../../../Engine/Content/Functions/Engine_MaterialFunctions01/Shading/ConvertFromDiffSpec.uexp" 722
"../../../Engine/Plugins/Interchange/Runtime/Content/Materials/PhongSurfaceMaterial.uasset" 723
"../../../Engine/Plugins/Interchange/Runtime/Content/Materials/PhongSurfaceMaterial.uexp" 724
"../../../Engine/Plugins/Interchange/Runtime/Content/Materials/PBRSurfaceMaterial.uasset" 725
"../../../Engine/Plugins/Interchange/Runtime/Content/Materials/PBRSurfaceMaterial.uexp" 726
"../../../Engine/Content/EngineMaterials/FlatNormal.uasset" 727
"../../../Engine/Content/EngineMaterials/FlatNormal.uexp" 728
"../../../Engine/Content/EditorLandscapeResources/WhiteSquareTexture.uasset" 729
"../../../Engine/Content/EditorLandscapeResources/WhiteSquareTexture.uexp" 730
"../../../Engine/Plugins/Interchange/Runtime/Content/Materials/OrenNayerMaterial.uasset" 731
"../../../Engine/Plugins/Interchange/Runtime/Content/Materials/OrenNayerMaterial.uexp" 732
"../../../Engine/Plugins/Interchange/Runtime/Content/Materials/LambertSurfaceMaterial.uasset" 733
"../../../Engine/Plugins/Interchange/Runtime/Content/Materials/LambertSurfaceMaterial.uexp" 734
"../../../Engine/Plugins/Interchange/Runtime/Content/Materials/ClearCoatMaterial.uasset" 735
"../../../Engine/Plugins/Interchange/Runtime/Content/Materials/ClearCoatMaterial.uexp" 736
"../../../Engine/Plugins/Interchange/Runtime/Content/Pipelines/DefaultTexturePipeline.uasset" 737
"../../../Engine/Plugins/Interchange/Runtime/Content/Pipelines/DefaultTexturePipeline.uexp" 738
"../../../Engine/Plugins/Interchange/Runtime/Content/Pipelines/DefaultSceneLevelPipeline.uasset" 739
"../../../Engine/Plugins/Interchange/Runtime/Content/Pipelines/DefaultSceneLevelPipeline.uexp" 740
"D:/GithUB/ToxicBerloga/ToxicMeasurement/Content/Blueprints/Control/InputAct/Jump.uasset" 741
"D:/GithUB/ToxicBerloga/ToxicMeasurement/Content/Blueprints/Control/InputAct/Jump.uexp" 742
"D:/GithUB/ToxicBerloga/ToxicMeasurement/Content/Blueprints/Control/InputAct/Movement.uasset" 743
"D:/GithUB/ToxicBerloga/ToxicMeasurement/Content/Blueprints/Control/InputAct/Movement.uexp" 744
"D:/GithUB/ToxicBerloga/ToxicMeasurement/Content/Blueprints/Control/InputAct/Pause.uasset" 745
"D:/GithUB/ToxicBerloga/ToxicMeasurement/Content/Blueprints/Control/InputAct/Pause.uexp" 746
"D:/GithUB/ToxicBerloga/ToxicMeasurement/Content/Blueprints/Control/InputAct/MouseOnOff.uasset" 747
"D:/GithUB/ToxicBerloga/ToxicMeasurement/Content/Blueprints/Control/InputAct/MouseOnOff.uexp" 748
"D:/GithUB/ToxicBerloga/ToxicMeasurement/Content/Blueprints/Control/InputAct/MoveToCam.uasset" 749
"D:/GithUB/ToxicBerloga/ToxicMeasurement/Content/Blueprints/Control/InputAct/MoveToCam.uexp" 750
"D:/GithUB/ToxicBerloga/ToxicMeasurement/Content/Blueprints/Control/InputAct/RestartLvl.uasset" 751
"D:/GithUB/ToxicBerloga/ToxicMeasurement/Content/Blueprints/Control/InputAct/RestartLvl.uexp" 752
"D:/GithUB/ToxicBerloga/ToxicMeasurement/Content/Blueprints/Control/InputAct/Interaction.uasset" 753
"D:/GithUB/ToxicBerloga/ToxicMeasurement/Content/Blueprints/Control/InputAct/Interaction.uexp" 754
"D:/GithUB/ToxicBerloga/ToxicMeasurement/Content/Blueprints/Control/OS_Control1.uasset" 755
"D:/GithUB/ToxicBerloga/ToxicMeasurement/Content/Blueprints/Control/OS_Control1.uexp" 756
"../../../Engine/Content/EditorBlueprintResources/StandardMacros.uasset" 757
"../../../Engine/Content/EditorBlueprintResources/StandardMacros.uexp" 758
"D:/GithUB/ToxicBerloga/ToxicMeasurement/Content/Blueprints/Control/PlayerControlM.uasset" 759
"D:/GithUB/ToxicBerloga/ToxicMeasurement/Content/Blueprints/Control/PlayerControlM.uexp" 760
"D:/GithUB/ToxicBerloga/ToxicMeasurement/Content/Blueprints/Control/KeyReBuilds.uasset" 761
"D:/GithUB/ToxicBerloga/ToxicMeasurement/Content/Blueprints/Control/KeyReBuilds.uexp" 762
"D:/GithUB/ToxicBerloga/ToxicMeasurement/Content/2D-UI/settings.uasset" 763
"D:/GithUB/ToxicBerloga/ToxicMeasurement/Content/2D-UI/settings.uexp" 764
"D:/GithUB/ToxicBerloga/ToxicMeasurement/Content/2D-UI/icon_linenotes.uasset" 765
"D:/GithUB/ToxicBerloga/ToxicMeasurement/Content/2D-UI/icon_linenotes.uexp" 766
"D:/GithUB/ToxicBerloga/ToxicMeasurement/Content/Blueprints/Widget/Menu/G_LvlVib.uasset" 767
"D:/GithUB/ToxicBerloga/ToxicMeasurement/Content/Blueprints/Widget/Menu/G_LvlVib.uexp" 768
"D:/GithUB/ToxicBerloga/ToxicMeasurement/Content/Blueprints/Settings.uasset" 769
"D:/GithUB/ToxicBerloga/ToxicMeasurement/Content/Blueprints/Settings.uexp" 770
"D:/GithUB/ToxicBerloga/ToxicMeasurement/Content/Blueprints/Widget/Menu/SmallWindow.uasset" 771
"D:/GithUB/ToxicBerloga/ToxicMeasurement/Content/Blueprints/Widget/Menu/SmallWindow.uexp" 772
"D:/GithUB/ToxicBerloga/ToxicMeasurement/Content/2D-UI/vikl.uasset" 773
"D:/GithUB/ToxicBerloga/ToxicMeasurement/Content/2D-UI/vikl.uexp" 774
"D:/GithUB/ToxicBerloga/ToxicMeasurement/Content/2D-UI/icon_researcher.uasset" 775
"D:/GithUB/ToxicBerloga/ToxicMeasurement/Content/2D-UI/icon_researcher.uexp" 776
"D:/GithUB/ToxicBerloga/ToxicMeasurement/Content/Blueprints/Control/PlayerInputM.uasset" 777
"D:/GithUB/ToxicBerloga/ToxicMeasurement/Content/Blueprints/Control/PlayerInputM.uexp" 778
"D:/GithUB/ToxicBerloga/ToxicMeasurement/Content/Blueprints/Control/OS_Control_Defolt.uasset" 779
"D:/GithUB/ToxicBerloga/ToxicMeasurement/Content/Blueprints/Control/OS_Control_Defolt.uexp" 780
"D:/GithUB/ToxicBerloga/ToxicMeasurement/Content/Blueprints/Widget/GamePLayUI/G_Pause.uasset" 781
"D:/GithUB/ToxicBerloga/ToxicMeasurement/Content/Blueprints/Widget/GamePLayUI/G_Pause.uexp" 782
"D:/GithUB/ToxicBerloga/ToxicMeasurement/Content/Blueprints/Widget/Menu/ControlPanels.uasset" 783
"D:/GithUB/ToxicBerloga/ToxicMeasurement/Content/Blueprints/Widget/Menu/ControlPanels.uexp" 784
"D:/GithUB/ToxicBerloga/ToxicMeasurement/Content/2D-UI/medvedOS.uasset" 785
"D:/GithUB/ToxicBerloga/ToxicMeasurement/Content/2D-UI/medvedOS.uexp" 786
"D:/GithUB/ToxicBerloga/ToxicMeasurement/Content/2D-UI/trash1.ubulk" 787
"D:/GithUB/ToxicBerloga/ToxicMeasurement/Content/2D-UI/trash1.uasset" 788
"D:/GithUB/ToxicBerloga/ToxicMeasurement/Content/2D-UI/trash1.uexp" 789
"D:/GithUB/ToxicBerloga/ToxicMeasurement/Content/2D-UI/icon_FireCar2.uasset" 790
"D:/GithUB/ToxicBerloga/ToxicMeasurement/Content/2D-UI/icon_FireCar2.uexp" 791
"D:/GithUB/ToxicBerloga/ToxicMeasurement/Content/2D-UI/Brauser_scrollBar.uasset" 792
"D:/GithUB/ToxicBerloga/ToxicMeasurement/Content/2D-UI/Brauser_scrollBar.uexp" 793
"D:/GithUB/ToxicBerloga/ToxicMeasurement/Content/2D-UI/KnopkaSver.uasset" 794
"D:/GithUB/ToxicBerloga/ToxicMeasurement/Content/2D-UI/KnopkaSver.uexp" 795
"D:/GithUB/ToxicBerloga/ToxicMeasurement/Content/2D-UI/Brauser_left.uasset" 796
"D:/GithUB/ToxicBerloga/ToxicMeasurement/Content/2D-UI/Brauser_left.uexp" 797
"D:/GithUB/ToxicBerloga/ToxicMeasurement/Content/2D-UI/Brauser_BlueFig.uasset" 798
"D:/GithUB/ToxicBerloga/ToxicMeasurement/Content/2D-UI/Brauser_BlueFig.uexp" 799
"D:/GithUB/ToxicBerloga/ToxicMeasurement/Content/2D-UI/Brauser_right.uasset" 800
"D:/GithUB/ToxicBerloga/ToxicMeasurement/Content/2D-UI/Brauser_right.uexp" 801
"D:/GithUB/ToxicBerloga/ToxicMeasurement/Content/2D-UI/Brauser_ram.uasset" 802
"D:/GithUB/ToxicBerloga/ToxicMeasurement/Content/2D-UI/Brauser_ram.uexp" 803
"D:/GithUB/ToxicBerloga/ToxicMeasurement/Content/2D-UI/KnopkaKrest.uasset" 804
"D:/GithUB/ToxicBerloga/ToxicMeasurement/Content/2D-UI/KnopkaKrest.uexp" 805
"D:/GithUB/ToxicBerloga/ToxicMeasurement/Content/2D-UI/Brauser_poisk.uasset" 806
"D:/GithUB/ToxicBerloga/ToxicMeasurement/Content/2D-UI/Brauser_poisk.uexp" 807
"D:/GithUB/ToxicBerloga/ToxicMeasurement/Content/Blueprints/Widget/Menu/WindowY.uasset" 808
"D:/GithUB/ToxicBerloga/ToxicMeasurement/Content/Blueprints/Widget/Menu/WindowY.uexp" 809
"D:/GithUB/ToxicBerloga/ToxicMeasurement/Content/Blueprints/Widget/Menu/W_FireCar.uasset" 810
"D:/GithUB/ToxicBerloga/ToxicMeasurement/Content/Blueprints/Widget/Menu/W_FireCar.uexp" 811
"D:/GithUB/ToxicBerloga/ToxicMeasurement/Content/2D-UI/Notepad_Button_Collapse.uasset" 812
"D:/GithUB/ToxicBerloga/ToxicMeasurement/Content/2D-UI/Notepad_Button_Collapse.uexp" 813
"D:/GithUB/ToxicBerloga/ToxicMeasurement/Content/2D-UI/Notepad_Button_Close.uasset" 814
"D:/GithUB/ToxicBerloga/ToxicMeasurement/Content/2D-UI/Notepad_Button_Close.uexp" 815
"D:/GithUB/ToxicBerloga/ToxicMeasurement/Content/2D-UI/Notepad_Frame_Horizontal.uasset" 816
"D:/GithUB/ToxicBerloga/ToxicMeasurement/Content/2D-UI/Notepad_Frame_Horizontal.uexp" 817
"D:/GithUB/ToxicBerloga/ToxicMeasurement/Content/Blueprints/Widget/Menu/W_Notepad.uasset" 818
"D:/GithUB/ToxicBerloga/ToxicMeasurement/Content/Blueprints/Widget/Menu/W_Notepad.uexp" 819
"D:/GithUB/ToxicBerloga/ToxicMeasurement/Content/2D-UI/unity.ubulk" 820
"D:/GithUB/ToxicBerloga/ToxicMeasurement/Content/2D-UI/unity.uasset" 821
"D:/GithUB/ToxicBerloga/ToxicMeasurement/Content/2D-UI/unity.uexp" 822
"D:/GithUB/ToxicBerloga/ToxicMeasurement/Content/2D-UI/trash2.ubulk" 823
"D:/GithUB/ToxicBerloga/ToxicMeasurement/Content/2D-UI/trash2.uasset" 824
"D:/GithUB/ToxicBerloga/ToxicMeasurement/Content/2D-UI/trash2.uexp" 825
"D:/GithUB/ToxicBerloga/ToxicMeasurement/Content/Blueprints/Widget/Menu/W_Menu.uasset" 826
"D:/GithUB/ToxicBerloga/ToxicMeasurement/Content/Blueprints/Widget/Menu/W_Menu.uexp" 827
"D:/GithUB/ToxicBerloga/ToxicMeasurement/Content/Blueprints/Character/PlayerSpectate/SpectateWidget.uasset" 828
"D:/GithUB/ToxicBerloga/ToxicMeasurement/Content/Blueprints/Character/PlayerSpectate/SpectateWidget.uexp" 829
"D:/GithUB/ToxicBerloga/ToxicMeasurement/Content/Blueprints/GameModeAndTd/BaseMenu.uasset" 830
"D:/GithUB/ToxicBerloga/ToxicMeasurement/Content/Blueprints/GameModeAndTd/BaseMenu.uexp" 831
"D:/GithUB/ToxicBerloga/ToxicMeasurement/Content/Maps/Menu/S_Menu.uexp" 832
"D:/GithUB/ToxicBerloga/ToxicMeasurement/Content/Maps/Menu/S_Menu.umap" 833
"../../../Engine/Content/Maps/Entry_BuiltData.uasset" 834
"../../../Engine/Content/Maps/Entry_BuiltData.uexp" 835
"../../../Engine/Content/Maps/Entry.uexp" 836
"../../../Engine/Content/Maps/Entry.umap" 837
"D:/GithUB/ToxicBerloga/ToxicMeasurement/Content/Blueprints/LvlPack/DeistvBee.uasset" 838
"D:/GithUB/ToxicBerloga/ToxicMeasurement/Content/Blueprints/LvlPack/DeistvBee.uexp" 839
"D:/GithUB/ToxicBerloga/ToxicMeasurement/Content/Blueprints/LvlPack/NaprTxt.uasset" 840
"D:/GithUB/ToxicBerloga/ToxicMeasurement/Content/Blueprints/LvlPack/NaprTxt.uexp" 841
"D:/GithUB/ToxicBerloga/ToxicMeasurement/Content/Blueprints/Widget/GamePLayUI/SpecCursor.uasset" 842
"D:/GithUB/ToxicBerloga/ToxicMeasurement/Content/Blueprints/Widget/GamePLayUI/SpecCursor.uexp" 843
"D:/GithUB/ToxicBerloga/ToxicMeasurement/Content/Blueprints/LvlProgramPack/Interfaces/ObjDop.uasset" 844
"D:/GithUB/ToxicBerloga/ToxicMeasurement/Content/Blueprints/LvlProgramPack/Interfaces/ObjDop.uexp" 845
"D:/GithUB/ToxicBerloga/ToxicMeasurement/Content/Blueprints/LvlProgramPack/Enumantions/TypeProgSignal.uasset" 846
"D:/GithUB/ToxicBerloga/ToxicMeasurement/Content/Blueprints/LvlProgramPack/Enumantions/TypeProgSignal.uexp" 847
"D:/GithUB/ToxicBerloga/ToxicMeasurement/Content/Blueprints/LvlProgramPack/Enumantions/Deistvis.uasset" 848
"D:/GithUB/ToxicBerloga/ToxicMeasurement/Content/Blueprints/LvlProgramPack/Enumantions/Deistvis.uexp" 849
"D:/GithUB/ToxicBerloga/ToxicMeasurement/Content/Blueprints/LvlProgramPack/Enumantions/Parametrs.uasset" 850
"D:/GithUB/ToxicBerloga/ToxicMeasurement/Content/Blueprints/LvlProgramPack/Enumantions/Parametrs.uexp" 851
"D:/GithUB/ToxicBerloga/ToxicMeasurement/Content/Blueprints/LvlProgramPack/Enumantions/Conditions.uasset" 852
"D:/GithUB/ToxicBerloga/ToxicMeasurement/Content/Blueprints/LvlProgramPack/Enumantions/Conditions.uexp" 853
"D:/GithUB/ToxicBerloga/ToxicMeasurement/Content/Blueprints/LvlProgramPack/Interfaces/ObjProgramm.uasset" 854
"D:/GithUB/ToxicBerloga/ToxicMeasurement/Content/Blueprints/LvlProgramPack/Interfaces/ObjProgramm.uexp" 855
"D:/GithUB/ToxicBerloga/ToxicMeasurement/Content/Blueprints/Widget/GamePLayUI/CodeHist.uasset" 856
"D:/GithUB/ToxicBerloga/ToxicMeasurement/Content/Blueprints/Widget/GamePLayUI/CodeHist.uexp" 857
"D:/GithUB/ToxicBerloga/ToxicMeasurement/Content/Blueprints/Dialog/Enumiration/Branch.uasset" 858
"D:/GithUB/ToxicBerloga/ToxicMeasurement/Content/Blueprints/Dialog/Enumiration/Branch.uexp" 859
"D:/GithUB/ToxicBerloga/ToxicMeasurement/Content/Blueprints/Dialog/Enumiration/CharacterStats.uasset" 860
"D:/GithUB/ToxicBerloga/ToxicMeasurement/Content/Blueprints/Dialog/Enumiration/CharacterStats.uexp" 861
"D:/GithUB/ToxicBerloga/ToxicMeasurement/Content/Blueprints/Dialog/TreeTaskAndDecoration/DialBranch.uasset" 862
"D:/GithUB/ToxicBerloga/ToxicMeasurement/Content/Blueprints/Dialog/TreeTaskAndDecoration/DialBranch.uexp" 863
"D:/GithUB/ToxicBerloga/ToxicMeasurement/Content/Blueprints/Dialog/DialogBetaBlackboard.uasset" 864
"D:/GithUB/ToxicBerloga/ToxicMeasurement/Content/Blueprints/Dialog/DialogBetaBlackboard.uexp" 865
"D:/GithUB/ToxicBerloga/ToxicMeasurement/Content/Blueprints/Dialog/Image/Players/Player1.uasset" 866
"D:/GithUB/ToxicBerloga/ToxicMeasurement/Content/Blueprints/Dialog/Image/Players/Player1.uexp" 867
"D:/GithUB/ToxicBerloga/ToxicMeasurement/Content/Blueprints/Dialog/Image/Players/Player2.uasset" 868
"D:/GithUB/ToxicBerloga/ToxicMeasurement/Content/Blueprints/Dialog/Image/Players/Player2.uexp" 869
"D:/GithUB/ToxicBerloga/ToxicMeasurement/Content/Blueprints/Dialog/Widgets/C_Buttons.uasset" 870
"D:/GithUB/ToxicBerloga/ToxicMeasurement/Content/Blueprints/Dialog/Widgets/C_Buttons.uexp" 871
"D:/GithUB/ToxicBerloga/ToxicMeasurement/Content/Blueprints/Dialog/Widgets/C_Dialog.uasset" 872
"D:/GithUB/ToxicBerloga/ToxicMeasurement/Content/Blueprints/Dialog/Widgets/C_Dialog.uexp" 873
"D:/GithUB/ToxicBerloga/ToxicMeasurement/Content/Blueprints/Dialog/TreeTaskAndDecoration/DialogeVibr.uasset" 874
"D:/GithUB/ToxicBerloga/ToxicMeasurement/Content/Blueprints/Dialog/TreeTaskAndDecoration/DialogeVibr.uexp" 875
"D:/GithUB/ToxicBerloga/ToxicMeasurement/Content/Blueprints/Dialog/Enumiration/Set.uasset" 876
"D:/GithUB/ToxicBerloga/ToxicMeasurement/Content/Blueprints/Dialog/Enumiration/Set.uexp" 877
"D:/GithUB/ToxicBerloga/ToxicMeasurement/Content/Blueprints/Dialog/TreeTaskAndDecoration/DialogeSet.uasset" 878
"D:/GithUB/ToxicBerloga/ToxicMeasurement/Content/Blueprints/Dialog/TreeTaskAndDecoration/DialogeSet.uexp" 879
"D:/GithUB/ToxicBerloga/ToxicMeasurement/Content/Blueprints/Dialog/Image/Fons/Fon1.uasset" 880
"D:/GithUB/ToxicBerloga/ToxicMeasurement/Content/Blueprints/Dialog/Image/Fons/Fon1.uexp" 881
"D:/GithUB/ToxicBerloga/ToxicMeasurement/Content/Blueprints/Dialog/TreeTaskAndDecoration/DialogeRasgovor.uasset" 882
"D:/GithUB/ToxicBerloga/ToxicMeasurement/Content/Blueprints/Dialog/TreeTaskAndDecoration/DialogeRasgovor.uexp" 883
"D:/GithUB/ToxicBerloga/ToxicMeasurement/Content/Blueprints/Dialog/TreeTaskAndDecoration/DialogeEventTo.uasset" 884
"D:/GithUB/ToxicBerloga/ToxicMeasurement/Content/Blueprints/Dialog/TreeTaskAndDecoration/DialogeEventTo.uexp" 885
"D:/GithUB/ToxicBerloga/ToxicMeasurement/Content/Blueprints/Dialog/TreeTaskAndDecoration/DialogeEnd.uasset" 886
"D:/GithUB/ToxicBerloga/ToxicMeasurement/Content/Blueprints/Dialog/TreeTaskAndDecoration/DialogeEnd.uexp" 887
"D:/GithUB/ToxicBerloga/ToxicMeasurement/Content/Blueprints/Dialog/TreeTaskAndDecoration/DialogeStart.uasset" 888
"D:/GithUB/ToxicBerloga/ToxicMeasurement/Content/Blueprints/Dialog/TreeTaskAndDecoration/DialogeStart.uexp" 889
"D:/GithUB/ToxicBerloga/ToxicMeasurement/Content/Blueprints/Dialog/TreeTaskAndDecoration/DialogeWidgetUpdate.uasset" 890
"D:/GithUB/ToxicBerloga/ToxicMeasurement/Content/Blueprints/Dialog/TreeTaskAndDecoration/DialogeWidgetUpdate.uexp" 891
"D:/GithUB/ToxicBerloga/ToxicMeasurement/Content/Blueprints/Dialog/TreeTaskAndDecoration/DialChekVibr.uasset" 892
"D:/GithUB/ToxicBerloga/ToxicMeasurement/Content/Blueprints/Dialog/TreeTaskAndDecoration/DialChekVibr.uexp" 893
"D:/GithUB/ToxicBerloga/ToxicMeasurement/Content/Blueprints/Dialog/BetaDialog.uasset" 894
"D:/GithUB/ToxicBerloga/ToxicMeasurement/Content/Blueprints/Dialog/BetaDialog.uexp" 895
"D:/GithUB/ToxicBerloga/ToxicMeasurement/Content/Maps/TestingMap/Assets/character/char_blue.uasset" 896
"D:/GithUB/ToxicBerloga/ToxicMeasurement/Content/Maps/TestingMap/Assets/character/char_blue.uexp" 897
"D:/GithUB/ToxicBerloga/ToxicMeasurement/Content/Maps/TestingMap/Assets/character/Sprite/char_blue_Sprite_0.uasset" 898
"D:/GithUB/ToxicBerloga/ToxicMeasurement/Content/Maps/TestingMap/Assets/character/Sprite/char_blue_Sprite_0.uexp" 899
"D:/GithUB/ToxicBerloga/ToxicMeasurement/Content/Maps/TestingMap/Assets/character/Sprite/char_blue_Sprite_1.uasset" 900
"D:/GithUB/ToxicBerloga/ToxicMeasurement/Content/Maps/TestingMap/Assets/character/Sprite/char_blue_Sprite_1.uexp" 901
"D:/GithUB/ToxicBerloga/ToxicMeasurement/Content/Maps/TestingMap/Assets/character/Sprite/char_blue_Sprite_2.uasset" 902
"D:/GithUB/ToxicBerloga/ToxicMeasurement/Content/Maps/TestingMap/Assets/character/Sprite/char_blue_Sprite_2.uexp" 903
"D:/GithUB/ToxicBerloga/ToxicMeasurement/Content/Maps/TestingMap/Assets/character/Sprite/char_blue_Sprite_3.uasset" 904
"D:/GithUB/ToxicBerloga/ToxicMeasurement/Content/Maps/TestingMap/Assets/character/Sprite/char_blue_Sprite_3.uexp" 905
"D:/GithUB/ToxicBerloga/ToxicMeasurement/Content/Maps/TestingMap/Assets/character/Sprite/char_blue_Sprite_4.uasset" 906
"D:/GithUB/ToxicBerloga/ToxicMeasurement/Content/Maps/TestingMap/Assets/character/Sprite/char_blue_Sprite_4.uexp" 907
"D:/GithUB/ToxicBerloga/ToxicMeasurement/Content/Maps/TestingMap/Assets/character/Sprite/char_blue_Sprite_5.uasset" 908
"D:/GithUB/ToxicBerloga/ToxicMeasurement/Content/Maps/TestingMap/Assets/character/Sprite/char_blue_Sprite_5.uexp" 909
"D:/GithUB/ToxicBerloga/ToxicMeasurement/Content/Maps/TestingMap/Assets/character/TT_FB_Idle.uasset" 910
"D:/GithUB/ToxicBerloga/ToxicMeasurement/Content/Maps/TestingMap/Assets/character/TT_FB_Idle.uexp" 911
"D:/GithUB/ToxicBerloga/ToxicMeasurement/Content/Blueprints/LvlProgramPack/Interfaces/ObjInteractions.uasset" 912
"D:/GithUB/ToxicBerloga/ToxicMeasurement/Content/Blueprints/LvlProgramPack/Interfaces/ObjInteractions.uexp" 913
"D:/GithUB/ToxicBerloga/ToxicMeasurement/Content/Blueprints/Character/Player/TT_Player.uasset" 914
"D:/GithUB/ToxicBerloga/ToxicMeasurement/Content/Blueprints/Character/Player/TT_Player.uexp" 915
"D:/GithUB/ToxicBerloga/ToxicMeasurement/Content/Blueprints/Dialog/Pustiska(StartDialoge)/Pust_Dialog.uasset" 916
"D:/GithUB/ToxicBerloga/ToxicMeasurement/Content/Blueprints/Dialog/Pustiska(StartDialoge)/Pust_Dialog.uexp" 917
"../../../Engine/Content/BasicShapes/Cube.ubulk" 918
"../../../Engine/Content/BasicShapes/Cube.uasset" 919
"../../../Engine/Content/BasicShapes/Cube.uexp" 920
"D:/GithUB/ToxicBerloga/ToxicMeasurement/Content/Blueprints/Widget/GamePLayUI/BoxType.uasset" 921
"D:/GithUB/ToxicBerloga/ToxicMeasurement/Content/Blueprints/Widget/GamePLayUI/BoxType.uexp" 922
"../../../Engine/Content/BasicShapes/BasicShapeMaterial.uasset" 923
"../../../Engine/Content/BasicShapes/BasicShapeMaterial.uexp" 924
"D:/GithUB/ToxicBerloga/ToxicMeasurement/Content/Blueprints/LvlPack/CenterLoc.uasset" 925
"D:/GithUB/ToxicBerloga/ToxicMeasurement/Content/Blueprints/LvlPack/CenterLoc.uexp" 926
"D:/GithUB/ToxicBerloga/ToxicMeasurement/Content/Blueprints/Character/Player/TT_Cum.uasset" 927
"D:/GithUB/ToxicBerloga/ToxicMeasurement/Content/Blueprints/Character/Player/TT_Cum.uexp" 928
"D:/GithUB/ToxicBerloga/ToxicMeasurement/Content/Blueprints/Widget/GamePLayUI/UsAndDeistv.uasset" 929
"D:/GithUB/ToxicBerloga/ToxicMeasurement/Content/Blueprints/Widget/GamePLayUI/UsAndDeistv.uexp" 930
"D:/GithUB/ToxicBerloga/ToxicMeasurement/Content/Blueprints/Widget/GamePLayUI/StrokObjects.uasset" 931
"D:/GithUB/ToxicBerloga/ToxicMeasurement/Content/Blueprints/Widget/GamePLayUI/StrokObjects.uexp" 932
"D:/GithUB/ToxicBerloga/ToxicMeasurement/Content/Blueprints/Widget/GamePLayUI/TTTCube.uasset" 933
"D:/GithUB/ToxicBerloga/ToxicMeasurement/Content/Blueprints/Widget/GamePLayUI/TTTCube.uexp" 934
"D:/GithUB/ToxicBerloga/ToxicMeasurement/Content/Blueprints/PlayerData.uasset" 935
"D:/GithUB/ToxicBerloga/ToxicMeasurement/Content/Blueprints/PlayerData.uexp" 936
"D:/GithUB/ToxicBerloga/ToxicMeasurement/Content/Blueprints/Widget/GamePLayUI/OS_UI.uasset" 937
"D:/GithUB/ToxicBerloga/ToxicMeasurement/Content/Blueprints/Widget/GamePLayUI/OS_UI.uexp" 938
"D:/GithUB/ToxicBerloga/ToxicMeasurement/Content/Blueprints/Character/Player/OS_hud.uasset" 939
"D:/GithUB/ToxicBerloga/ToxicMeasurement/Content/Blueprints/Character/Player/OS_hud.uexp" 940
"D:/GithUB/ToxicBerloga/ToxicMeasurement/Content/Blueprints/LvlPack/TT_Command.uasset" 941
"D:/GithUB/ToxicBerloga/ToxicMeasurement/Content/Blueprints/LvlPack/TT_Command.uexp" 942
"D:/GithUB/ToxicBerloga/ToxicMeasurement/Content/Blueprints/Character/Player/TT_PlayerController.uasset" 943
"D:/GithUB/ToxicBerloga/ToxicMeasurement/Content/Blueprints/Character/Player/TT_PlayerController.uexp" 944
"D:/GithUB/ToxicBerloga/ToxicMeasurement/Content/Blueprints/Character/Player/TT_GameModeB.uasset" 945
"D:/GithUB/ToxicBerloga/ToxicMeasurement/Content/Blueprints/Character/Player/TT_GameModeB.uexp" 946
"D:/GithUB/ToxicBerloga/ToxicMeasurement/Content/Blueprints/LvlProgramPack/Pg_Default.uasset" 947
"D:/GithUB/ToxicBerloga/ToxicMeasurement/Content/Blueprints/LvlProgramPack/Pg_Default.uexp" 948
"D:/GithUB/ToxicBerloga/ToxicMeasurement/Content/2D-Sprites/Image/PortalBochk.uasset" 949
"D:/GithUB/ToxicBerloga/ToxicMeasurement/Content/2D-Sprites/Image/PortalBochk.uexp" 950
"D:/GithUB/ToxicBerloga/ToxicMeasurement/Content/2D-Sprites/PortalBochk_Sprite.uasset" 951
"D:/GithUB/ToxicBerloga/ToxicMeasurement/Content/2D-Sprites/PortalBochk_Sprite.uexp" 952
"D:/GithUB/ToxicBerloga/ToxicMeasurement/Content/2D-Sprites/Image/bochka.uasset" 953
"D:/GithUB/ToxicBerloga/ToxicMeasurement/Content/2D-Sprites/Image/bochka.uexp" 954
"D:/GithUB/ToxicBerloga/ToxicMeasurement/Content/2D-Sprites/bochka_Sprite.uasset" 955
"D:/GithUB/ToxicBerloga/ToxicMeasurement/Content/2D-Sprites/bochka_Sprite.uexp" 956
"D:/GithUB/ToxicBerloga/ToxicMeasurement/Content/Blueprints/LvlProgramPack/DopObj/Dop_Bochka.uasset" 957
"D:/GithUB/ToxicBerloga/ToxicMeasurement/Content/Blueprints/LvlProgramPack/DopObj/Dop_Bochka.uexp" 958
"D:/GithUB/ToxicBerloga/ToxicMeasurement/Content/Blueprints/LvlProgramPack/ProgObj/Pg_SpawnBochek.uasset" 959
"D:/GithUB/ToxicBerloga/ToxicMeasurement/Content/Blueprints/LvlProgramPack/ProgObj/Pg_SpawnBochek.uexp" 960
"../../../Engine/Plugins/2D/Paper2D/Content/TranslucentUnlitSpriteMaterial.uasset" 961
"../../../Engine/Plugins/2D/Paper2D/Content/TranslucentUnlitSpriteMaterial.uexp" 962
"D:/GithUB/ToxicBerloga/ToxicMeasurement/Content/2D-Sprites/Image/lever.uasset" 963
"D:/GithUB/ToxicBerloga/ToxicMeasurement/Content/2D-Sprites/Image/lever.uexp" 964
"D:/GithUB/ToxicBerloga/ToxicMeasurement/Content/2D-Sprites/lever_Sprite.uasset" 965
"D:/GithUB/ToxicBerloga/ToxicMeasurement/Content/2D-Sprites/lever_Sprite.uexp" 966
"D:/GithUB/ToxicBerloga/ToxicMeasurement/Content/Blueprints/LvlProgramPack/ProgObj/Pg_leverNew.uasset" 967
"D:/GithUB/ToxicBerloga/ToxicMeasurement/Content/Blueprints/LvlProgramPack/ProgObj/Pg_leverNew.uexp" 968
"D:/GithUB/ToxicBerloga/ToxicMeasurement/Content/2D-Sprites/Image/Prog_Ship.uasset" 969
"D:/GithUB/ToxicBerloga/ToxicMeasurement/Content/2D-Sprites/Image/Prog_Ship.uexp" 970
"D:/GithUB/ToxicBerloga/ToxicMeasurement/Content/2D-Sprites/Prog_Ship_Sprite.uasset" 971
"D:/GithUB/ToxicBerloga/ToxicMeasurement/Content/2D-Sprites/Prog_Ship_Sprite.uexp" 972
"D:/GithUB/ToxicBerloga/ToxicMeasurement/Content/Blueprints/LvlProgramPack/ProgObj/Pg_ShiepNew.uasset" 973
"D:/GithUB/ToxicBerloga/ToxicMeasurement/Content/Blueprints/LvlProgramPack/ProgObj/Pg_ShiepNew.uexp" 974
"D:/GithUB/ToxicBerloga/ToxicMeasurement/Content/2D-Sprites/Image/Button2.uasset" 975
"D:/GithUB/ToxicBerloga/ToxicMeasurement/Content/2D-Sprites/Image/Button2.uexp" 976
"D:/GithUB/ToxicBerloga/ToxicMeasurement/Content/2D-Sprites/Image/Buttton2.uasset" 977
"D:/GithUB/ToxicBerloga/ToxicMeasurement/Content/2D-Sprites/Image/Buttton2.uexp" 978
"D:/GithUB/ToxicBerloga/ToxicMeasurement/Content/2D-Sprites/Buttton1_Sprite.uasset" 979
"D:/GithUB/ToxicBerloga/ToxicMeasurement/Content/2D-Sprites/Buttton1_Sprite.uexp" 980
"D:/GithUB/ToxicBerloga/ToxicMeasurement/Content/2D-Sprites/Button2_Sprite.uasset" 981
"D:/GithUB/ToxicBerloga/ToxicMeasurement/Content/2D-Sprites/Button2_Sprite.uexp" 982
"D:/GithUB/ToxicBerloga/ToxicMeasurement/Content/Blueprints/LvlProgramPack/ProgObj/Pg_Button.uasset" 983
"D:/GithUB/ToxicBerloga/ToxicMeasurement/Content/Blueprints/LvlProgramPack/ProgObj/Pg_Button.uexp" 984
"D:/GithUB/ToxicBerloga/ToxicMeasurement/Content/Maps/TestingMap/Assets/background/background_layer_3.uasset" 985
"D:/GithUB/ToxicBerloga/ToxicMeasurement/Content/Maps/TestingMap/Assets/background/background_layer_3.uexp" 986
"D:/GithUB/ToxicBerloga/ToxicMeasurement/Content/Maps/TestingMap/Assets/background/background_layer_3_TileSet.uasset" 987
"D:/GithUB/ToxicBerloga/ToxicMeasurement/Content/Maps/TestingMap/Assets/background/background_layer_3_TileSet.uexp" 988
"D:/GithUB/ToxicBerloga/ToxicMeasurement/Content/Maps/TestingMap/Assets/background/background_layer_1.uasset" 989
"D:/GithUB/ToxicBerloga/ToxicMeasurement/Content/Maps/TestingMap/Assets/background/background_layer_1.uexp" 990
"D:/GithUB/ToxicBerloga/ToxicMeasurement/Content/Maps/TestingMap/Assets/background/background_layer_1_TileSet.uasset" 991
"D:/GithUB/ToxicBerloga/ToxicMeasurement/Content/Maps/TestingMap/Assets/background/background_layer_1_TileSet.uexp" 992
"D:/GithUB/ToxicBerloga/ToxicMeasurement/Content/Maps/TestingMap/Assets/background/background_layer_2.uasset" 993
"D:/GithUB/ToxicBerloga/ToxicMeasurement/Content/Maps/TestingMap/Assets/background/background_layer_2.uexp" 994
"D:/GithUB/ToxicBerloga/ToxicMeasurement/Content/Maps/TestingMap/Assets/background/background_layer_2_TileSet.uasset" 995
"D:/GithUB/ToxicBerloga/ToxicMeasurement/Content/Maps/TestingMap/Assets/background/background_layer_2_TileSet.uexp" 996
"D:/GithUB/ToxicBerloga/ToxicMeasurement/Content/Maps/TestingMap/Assets/oak_woods.uasset" 997
"D:/GithUB/ToxicBerloga/ToxicMeasurement/Content/Maps/TestingMap/Assets/oak_woods.uexp" 998
"D:/GithUB/ToxicBerloga/ToxicMeasurement/Content/Maps/TestingMap/Assets/oak_woods_tileset.uasset" 999
"D:/GithUB/ToxicBerloga/ToxicMeasurement/Content/Maps/TestingMap/Assets/oak_woods_tileset.uexp" 1000
"D:/GithUB/ToxicBerloga/ToxicMeasurement/Content/Maps/TestingMap/Assets/oak_woods_tileMap.uasset" 1001
"D:/GithUB/ToxicBerloga/ToxicMeasurement/Content/Maps/TestingMap/Assets/oak_woods_tileMap.uexp" 1002
"D:/GithUB/ToxicBerloga/ToxicMeasurement/Content/2D-Sprites/Image/Security.uasset" 1003
"D:/GithUB/ToxicBerloga/ToxicMeasurement/Content/2D-Sprites/Image/Security.uexp" 1004
"D:/GithUB/ToxicBerloga/ToxicMeasurement/Content/2D-Sprites/Security_Sprite.uasset" 1005
"D:/GithUB/ToxicBerloga/ToxicMeasurement/Content/2D-Sprites/Security_Sprite.uexp" 1006
"D:/GithUB/ToxicBerloga/ToxicMeasurement/Content/2D-Sprites/Image/laser.uasset" 1007
"D:/GithUB/ToxicBerloga/ToxicMeasurement/Content/2D-Sprites/Image/laser.uexp" 1008
"D:/GithUB/ToxicBerloga/ToxicMeasurement/Content/2D-Sprites/laser_Sprite.uasset" 1009
"D:/GithUB/ToxicBerloga/ToxicMeasurement/Content/2D-Sprites/laser_Sprite.uexp" 1010
"D:/GithUB/ToxicBerloga/ToxicMeasurement/Content/2D-Sprites/Image/TimofeiMoscalenko.uasset" 1011
"D:/GithUB/ToxicBerloga/ToxicMeasurement/Content/2D-Sprites/Image/TimofeiMoscalenko.uexp" 1012
"D:/GithUB/ToxicBerloga/ToxicMeasurement/Content/2D-Sprites/TimofeiMoscalenko_Sprite.uasset" 1013
"D:/GithUB/ToxicBerloga/ToxicMeasurement/Content/2D-Sprites/TimofeiMoscalenko_Sprite.uexp" 1014
"D:/GithUB/ToxicBerloga/ToxicMeasurement/Content/Blueprints/LvlProgramPack/Ms_Juk.uasset" 1015
"D:/GithUB/ToxicBerloga/ToxicMeasurement/Content/Blueprints/LvlProgramPack/Ms_Juk.uexp" 1016
"D:/GithUB/ToxicBerloga/ToxicMeasurement/Content/Blueprints/LvlProgramPack/Dop_laser.uasset" 1017
"D:/GithUB/ToxicBerloga/ToxicMeasurement/Content/Blueprints/LvlProgramPack/Dop_laser.uexp" 1018
"D:/GithUB/ToxicBerloga/ToxicMeasurement/Content/Blueprints/LvlProgramPack/Pg_Security.uasset" 1019
"D:/GithUB/ToxicBerloga/ToxicMeasurement/Content/Blueprints/LvlProgramPack/Pg_Security.uexp" 1020
"D:/GithUB/ToxicBerloga/ToxicMeasurement/Content/2D-Sprites/Image/MysticMachine.uasset" 1021
"D:/GithUB/ToxicBerloga/ToxicMeasurement/Content/2D-Sprites/Image/MysticMachine.uexp" 1022
"D:/GithUB/ToxicBerloga/ToxicMeasurement/Content/2D-Sprites/MysticMachine_Sprite.uasset" 1023
"D:/GithUB/ToxicBerloga/ToxicMeasurement/Content/2D-Sprites/MysticMachine_Sprite.uexp" 1024
"D:/GithUB/ToxicBerloga/ToxicMeasurement/Content/Blueprints/LvlProgramPack/ProgObj/Pg_Gravity.uasset" 1025
"D:/GithUB/ToxicBerloga/ToxicMeasurement/Content/Blueprints/LvlProgramPack/ProgObj/Pg_Gravity.uexp" 1026
"D:/GithUB/ToxicBerloga/ToxicMeasurement/Content/Maps/TestingMap/TestMap.uexp" 1027
"D:/GithUB/ToxicBerloga/ToxicMeasurement/Content/Maps/TestingMap/TestMap.umap" 1028
